2022-12-05 00:33:41 INFO [com.xxx.MusicServerApplication]: Starting MusicServerApplication on yezideMBP.local with PID 10349 (/Users/albasmagicjourney/Desktop/important-music-server/target/classes started by albasmagicjourney in /Users/albasmagicjourney/Desktop/important-music-server)
2022-12-05 00:33:41 INFO [com.xxx.MusicServerApplication]: The following profiles are active: dev
2022-12-05 00:33:41 INFO [org.springframework.boot.devtools.env.DevToolsPropertyDefaultsPostProcessor]: Devtools property defaults active! Set 'spring.devtools.add-properties' to 'false' to disable
2022-12-05 00:33:41 INFO [org.springframework.boot.devtools.env.DevToolsPropertyDefaultsPostProcessor]: For additional web related logging consider setting the 'logging.level.web' property to 'DEBUG'
2022-12-05 00:33:43 INFO [org.springframework.boot.web.embedded.tomcat.TomcatWebServer]: Tomcat initialized with port(s): 9001 (http)
2022-12-05 00:33:43 INFO [org.springframework.boot.web.servlet.context.ServletWebServerApplicationContext]: Root WebApplicationContext: initialization completed in 1910 ms
2022-12-05 00:33:44 INFO [org.springframework.boot.devtools.autoconfigure.OptionalLiveReloadServer]: LiveReload server is running on port 35729
2022-12-05 00:33:44 INFO [org.springframework.boot.web.embedded.tomcat.TomcatWebServer]: Tomcat started on port(s): 9001 (http) with context path ''
2022-12-05 00:33:44 WARN [springfox.documentation.swagger.readers.operation.OperationImplicitParameterReader]: Unable to interpret the implicit parameter configuration with dataType: String, dataTypeClass: class java.lang.Void
2022-12-05 00:33:44 WARN [springfox.documentation.swagger.readers.operation.OperationImplicitParameterReader]: Unable to interpret the implicit parameter configuration with dataType: String, dataTypeClass: class java.lang.Void
2022-12-05 00:33:44 WARN [springfox.documentation.swagger.readers.operation.OperationImplicitParameterReader]: Unable to interpret the implicit parameter configuration with dataType: String, dataTypeClass: class java.lang.Void
2022-12-05 00:33:44 WARN [springfox.documentation.swagger.readers.operation.OperationImplicitParameterReader]: Unable to interpret the implicit parameter configuration with dataType: String, dataTypeClass: class java.lang.Void
2022-12-05 00:33:44 WARN [springfox.documentation.swagger.readers.operation.OperationImplicitParameterReader]: Unable to interpret the implicit parameter configuration with dataType: String, dataTypeClass: class java.lang.Void
2022-12-05 00:33:44 WARN [springfox.documentation.swagger.readers.operation.OperationImplicitParameterReader]: Unable to interpret the implicit parameter configuration with dataType: Int, dataTypeClass: class java.lang.Void
2022-12-05 00:33:44 WARN [springfox.documentation.swagger.readers.operation.OperationImplicitParameterReader]: Unable to interpret the implicit parameter configuration with dataType: String, dataTypeClass: class java.lang.Void
2022-12-05 00:33:44 WARN [springfox.documentation.swagger.readers.operation.OperationImplicitParameterReader]: Unable to interpret the implicit parameter configuration with dataType: String, dataTypeClass: class java.lang.Void
2022-12-05 00:33:44 WARN [springfox.documentation.swagger.readers.operation.OperationImplicitParameterReader]: Unable to interpret the implicit parameter configuration with dataType: Integer, dataTypeClass: class java.lang.Void
2022-12-05 00:33:44 INFO [com.xxx.MusicServerApplication]: Started MusicServerApplication in 3.296 seconds (JVM running for 4.383)
2022-12-05 00:33:49 INFO [org.springframework.web.servlet.DispatcherServlet]: Initializing Servlet 'dispatcherServlet'
2022-12-05 00:33:49 INFO [org.springframework.web.servlet.DispatcherServlet]: Completed initialization in 6 ms
2022-12-05 00:34:44 INFO [com.xxx.MusicServerApplication]: Starting MusicServerApplication on yezideMBP.local with PID 10355 (/Users/albasmagicjourney/Desktop/important-music-server/target/classes started by albasmagicjourney in /Users/albasmagicjourney/Desktop/important-music-server)
2022-12-05 00:34:44 INFO [com.xxx.MusicServerApplication]: The following profiles are active: dev
2022-12-05 00:34:44 INFO [org.springframework.boot.devtools.env.DevToolsPropertyDefaultsPostProcessor]: Devtools property defaults active! Set 'spring.devtools.add-properties' to 'false' to disable
2022-12-05 00:34:44 INFO [org.springframework.boot.devtools.env.DevToolsPropertyDefaultsPostProcessor]: For additional web related logging consider setting the 'logging.level.web' property to 'DEBUG'
2022-12-05 00:34:46 INFO [org.springframework.boot.web.embedded.tomcat.TomcatWebServer]: Tomcat initialized with port(s): 9001 (http)
2022-12-05 00:34:46 INFO [org.springframework.boot.web.servlet.context.ServletWebServerApplicationContext]: Root WebApplicationContext: initialization completed in 1726 ms
2022-12-05 00:34:47 INFO [org.springframework.boot.devtools.autoconfigure.OptionalLiveReloadServer]: LiveReload server is running on port 35729
2022-12-05 00:34:47 INFO [org.springframework.boot.web.embedded.tomcat.TomcatWebServer]: Tomcat started on port(s): 9001 (http) with context path ''
2022-12-05 00:34:47 WARN [springfox.documentation.swagger.readers.operation.OperationImplicitParameterReader]: Unable to interpret the implicit parameter configuration with dataType: String, dataTypeClass: class java.lang.Void
2022-12-05 00:34:47 WARN [springfox.documentation.swagger.readers.operation.OperationImplicitParameterReader]: Unable to interpret the implicit parameter configuration with dataType: String, dataTypeClass: class java.lang.Void
2022-12-05 00:34:47 WARN [springfox.documentation.swagger.readers.operation.OperationImplicitParameterReader]: Unable to interpret the implicit parameter configuration with dataType: String, dataTypeClass: class java.lang.Void
2022-12-05 00:34:47 WARN [springfox.documentation.swagger.readers.operation.OperationImplicitParameterReader]: Unable to interpret the implicit parameter configuration with dataType: String, dataTypeClass: class java.lang.Void
2022-12-05 00:34:47 WARN [springfox.documentation.swagger.readers.operation.OperationImplicitParameterReader]: Unable to interpret the implicit parameter configuration with dataType: String, dataTypeClass: class java.lang.Void
2022-12-05 00:34:47 WARN [springfox.documentation.swagger.readers.operation.OperationImplicitParameterReader]: Unable to interpret the implicit parameter configuration with dataType: Int, dataTypeClass: class java.lang.Void
2022-12-05 00:34:47 WARN [springfox.documentation.swagger.readers.operation.OperationImplicitParameterReader]: Unable to interpret the implicit parameter configuration with dataType: String, dataTypeClass: class java.lang.Void
2022-12-05 00:34:47 WARN [springfox.documentation.swagger.readers.operation.OperationImplicitParameterReader]: Unable to interpret the implicit parameter configuration with dataType: String, dataTypeClass: class java.lang.Void
2022-12-05 00:34:47 WARN [springfox.documentation.swagger.readers.operation.OperationImplicitParameterReader]: Unable to interpret the implicit parameter configuration with dataType: Integer, dataTypeClass: class java.lang.Void
2022-12-05 00:34:47 INFO [com.xxx.MusicServerApplication]: Started MusicServerApplication in 2.955 seconds (JVM running for 3.605)
2022-12-05 00:34:50 INFO [org.springframework.web.servlet.DispatcherServlet]: Initializing Servlet 'dispatcherServlet'
2022-12-05 00:34:50 INFO [org.springframework.web.servlet.DispatcherServlet]: Completed initialization in 5 ms
2022-12-05 00:35:42 INFO [com.zaxxer.hikari.HikariDataSource]: HikariPool-1 - Starting...
2022-12-05 00:35:42 INFO [com.zaxxer.hikari.HikariDataSource]: HikariPool-1 - Start completed.
2022-12-05 00:38:24 INFO [com.xxx.handler.MyMetaObjectHandler]: start insert fill...
2022-12-05 00:43:16 INFO [com.zaxxer.hikari.HikariDataSource]: HikariPool-1 - Shutdown initiated...
2022-12-05 00:43:16 INFO [com.zaxxer.hikari.HikariDataSource]: HikariPool-1 - Shutdown completed.
2022-12-05 00:43:16 INFO [org.springframework.boot.devtools.env.DevToolsPropertyDefaultsPostProcessor]: Devtools property defaults active! Set 'spring.devtools.add-properties' to 'false' to disable
2022-12-05 00:43:16 INFO [org.springframework.boot.devtools.env.DevToolsPropertyDefaultsPostProcessor]: For additional web related logging consider setting the 'logging.level.web' property to 'DEBUG'
2022-12-05 00:43:16 INFO [com.xxx.MusicServerApplication]: Starting MusicServerApplication on yezideMBP.local with PID 10355 (/Users/albasmagicjourney/Desktop/important-music-server/target/classes started by albasmagicjourney in /Users/albasmagicjourney/Desktop/important-music-server)
2022-12-05 00:43:16 INFO [com.xxx.MusicServerApplication]: The following profiles are active: dev
2022-12-05 00:43:16 INFO [org.springframework.boot.web.embedded.tomcat.TomcatWebServer]: Tomcat initialized with port(s): 9001 (http)
2022-12-05 00:43:16 INFO [org.springframework.boot.web.servlet.context.ServletWebServerApplicationContext]: Root WebApplicationContext: initialization completed in 544 ms
2022-12-05 00:43:17 INFO [org.springframework.boot.devtools.autoconfigure.OptionalLiveReloadServer]: LiveReload server is running on port 35729
2022-12-05 00:43:17 INFO [org.springframework.boot.web.embedded.tomcat.TomcatWebServer]: Tomcat started on port(s): 9001 (http) with context path ''
2022-12-05 00:43:17 WARN [springfox.documentation.swagger.readers.operation.OperationImplicitParameterReader]: Unable to interpret the implicit parameter configuration with dataType: String, dataTypeClass: class java.lang.Void
2022-12-05 00:43:17 WARN [springfox.documentation.swagger.readers.operation.OperationImplicitParameterReader]: Unable to interpret the implicit parameter configuration with dataType: String, dataTypeClass: class java.lang.Void
2022-12-05 00:43:17 WARN [springfox.documentation.swagger.readers.operation.OperationImplicitParameterReader]: Unable to interpret the implicit parameter configuration with dataType: String, dataTypeClass: class java.lang.Void
2022-12-05 00:43:17 WARN [springfox.documentation.swagger.readers.operation.OperationImplicitParameterReader]: Unable to interpret the implicit parameter configuration with dataType: String, dataTypeClass: class java.lang.Void
2022-12-05 00:43:17 WARN [springfox.documentation.swagger.readers.operation.OperationImplicitParameterReader]: Unable to interpret the implicit parameter configuration with dataType: String, dataTypeClass: class java.lang.Void
2022-12-05 00:43:17 WARN [springfox.documentation.swagger.readers.operation.OperationImplicitParameterReader]: Unable to interpret the implicit parameter configuration with dataType: Int, dataTypeClass: class java.lang.Void
2022-12-05 00:43:17 WARN [springfox.documentation.swagger.readers.operation.OperationImplicitParameterReader]: Unable to interpret the implicit parameter configuration with dataType: String, dataTypeClass: class java.lang.Void
2022-12-05 00:43:17 WARN [springfox.documentation.swagger.readers.operation.OperationImplicitParameterReader]: Unable to interpret the implicit parameter configuration with dataType: String, dataTypeClass: class java.lang.Void
2022-12-05 00:43:17 WARN [springfox.documentation.swagger.readers.operation.OperationImplicitParameterReader]: Unable to interpret the implicit parameter configuration with dataType: Integer, dataTypeClass: class java.lang.Void
2022-12-05 00:43:17 INFO [com.xxx.MusicServerApplication]: Started MusicServerApplication in 1.323 seconds (JVM running for 513.419)
2022-12-05 00:43:17 INFO [org.springframework.boot.devtools.autoconfigure.ConditionEvaluationDeltaLoggingListener]: Condition evaluation unchanged
2022-12-05 00:44:37 INFO [com.xxx.MusicServerApplication]: Starting MusicServerApplication on yezideMBP.local with PID 10439 (/Users/albasmagicjourney/Desktop/important-music-server/target/classes started by albasmagicjourney in /Users/albasmagicjourney/Desktop/important-music-server)
2022-12-05 00:44:37 INFO [com.xxx.MusicServerApplication]: The following profiles are active: dev
2022-12-05 00:44:37 INFO [org.springframework.boot.devtools.env.DevToolsPropertyDefaultsPostProcessor]: Devtools property defaults active! Set 'spring.devtools.add-properties' to 'false' to disable
2022-12-05 00:44:37 INFO [org.springframework.boot.devtools.env.DevToolsPropertyDefaultsPostProcessor]: For additional web related logging consider setting the 'logging.level.web' property to 'DEBUG'
2022-12-05 00:44:39 INFO [org.springframework.boot.web.embedded.tomcat.TomcatWebServer]: Tomcat initialized with port(s): 9001 (http)
2022-12-05 00:44:39 INFO [org.springframework.boot.web.servlet.context.ServletWebServerApplicationContext]: Root WebApplicationContext: initialization completed in 1722 ms
2022-12-05 00:44:39 INFO [org.springframework.boot.devtools.autoconfigure.OptionalLiveReloadServer]: LiveReload server is running on port 35729
2022-12-05 00:44:39 INFO [org.springframework.boot.web.embedded.tomcat.TomcatWebServer]: Tomcat started on port(s): 9001 (http) with context path ''
2022-12-05 00:44:39 WARN [springfox.documentation.swagger.readers.operation.OperationImplicitParameterReader]: Unable to interpret the implicit parameter configuration with dataType: String, dataTypeClass: class java.lang.Void
2022-12-05 00:44:39 WARN [springfox.documentation.swagger.readers.operation.OperationImplicitParameterReader]: Unable to interpret the implicit parameter configuration with dataType: String, dataTypeClass: class java.lang.Void
2022-12-05 00:44:39 WARN [springfox.documentation.swagger.readers.operation.OperationImplicitParameterReader]: Unable to interpret the implicit parameter configuration with dataType: String, dataTypeClass: class java.lang.Void
2022-12-05 00:44:39 WARN [springfox.documentation.swagger.readers.operation.OperationImplicitParameterReader]: Unable to interpret the implicit parameter configuration with dataType: String, dataTypeClass: class java.lang.Void
2022-12-05 00:44:39 WARN [springfox.documentation.swagger.readers.operation.OperationImplicitParameterReader]: Unable to interpret the implicit parameter configuration with dataType: String, dataTypeClass: class java.lang.Void
2022-12-05 00:44:39 WARN [springfox.documentation.swagger.readers.operation.OperationImplicitParameterReader]: Unable to interpret the implicit parameter configuration with dataType: Int, dataTypeClass: class java.lang.Void
2022-12-05 00:44:39 WARN [springfox.documentation.swagger.readers.operation.OperationImplicitParameterReader]: Unable to interpret the implicit parameter configuration with dataType: String, dataTypeClass: class java.lang.Void
2022-12-05 00:44:39 WARN [springfox.documentation.swagger.readers.operation.OperationImplicitParameterReader]: Unable to interpret the implicit parameter configuration with dataType: String, dataTypeClass: class java.lang.Void
2022-12-05 00:44:40 WARN [springfox.documentation.swagger.readers.operation.OperationImplicitParameterReader]: Unable to interpret the implicit parameter configuration with dataType: Integer, dataTypeClass: class java.lang.Void
2022-12-05 00:44:40 INFO [com.xxx.MusicServerApplication]: Started MusicServerApplication in 2.948 seconds (JVM running for 3.61)
2022-12-05 00:44:50 INFO [org.springframework.web.servlet.DispatcherServlet]: Initializing Servlet 'dispatcherServlet'
2022-12-05 00:44:50 INFO [org.springframework.web.servlet.DispatcherServlet]: Completed initialization in 5 ms
2022-12-05 00:44:50 WARN [org.springframework.web.servlet.mvc.support.DefaultHandlerExceptionResolver]: Resolved [org.springframework.web.bind.MissingServletRequestParameterException: Required String parameter 'content' is not present]
2022-12-05 00:45:00 INFO [com.xxx.handler.MyMetaObjectHandler]: start insert fill...
2022-12-05 00:45:00 INFO [com.zaxxer.hikari.HikariDataSource]: HikariPool-1 - Starting...
2022-12-05 00:45:00 INFO [com.zaxxer.hikari.HikariDataSource]: HikariPool-1 - Start completed.
2022-12-05 00:45:13 INFO [com.xxx.handler.MyMetaObjectHandler]: start insert fill...
2022-12-05 00:46:15 INFO [com.zaxxer.hikari.HikariDataSource]: HikariPool-1 - Shutdown initiated...
2022-12-05 00:46:15 INFO [com.zaxxer.hikari.HikariDataSource]: HikariPool-1 - Shutdown completed.
2022-12-05 00:46:21 INFO [com.xxx.MusicServerApplication]: Starting MusicServerApplication on yezideMBP.local with PID 10444 (/Users/albasmagicjourney/Desktop/important-music-server/target/classes started by albasmagicjourney in /Users/albasmagicjourney/Desktop/important-music-server)
2022-12-05 00:46:21 INFO [com.xxx.MusicServerApplication]: The following profiles are active: dev
2022-12-05 00:46:21 INFO [org.springframework.boot.devtools.env.DevToolsPropertyDefaultsPostProcessor]: Devtools property defaults active! Set 'spring.devtools.add-properties' to 'false' to disable
2022-12-05 00:46:21 INFO [org.springframework.boot.devtools.env.DevToolsPropertyDefaultsPostProcessor]: For additional web related logging consider setting the 'logging.level.web' property to 'DEBUG'
2022-12-05 00:46:22 INFO [org.springframework.boot.web.embedded.tomcat.TomcatWebServer]: Tomcat initialized with port(s): 9001 (http)
2022-12-05 00:46:23 INFO [org.springframework.boot.web.servlet.context.ServletWebServerApplicationContext]: Root WebApplicationContext: initialization completed in 1621 ms
2022-12-05 00:46:23 INFO [org.springframework.boot.devtools.autoconfigure.OptionalLiveReloadServer]: LiveReload server is running on port 35729
2022-12-05 00:46:23 INFO [org.springframework.boot.web.embedded.tomcat.TomcatWebServer]: Tomcat started on port(s): 9001 (http) with context path ''
2022-12-05 00:46:23 WARN [springfox.documentation.swagger.readers.operation.OperationImplicitParameterReader]: Unable to interpret the implicit parameter configuration with dataType: String, dataTypeClass: class java.lang.Void
2022-12-05 00:46:23 WARN [springfox.documentation.swagger.readers.operation.OperationImplicitParameterReader]: Unable to interpret the implicit parameter configuration with dataType: String, dataTypeClass: class java.lang.Void
2022-12-05 00:46:23 WARN [springfox.documentation.swagger.readers.operation.OperationImplicitParameterReader]: Unable to interpret the implicit parameter configuration with dataType: String, dataTypeClass: class java.lang.Void
2022-12-05 00:46:23 WARN [springfox.documentation.swagger.readers.operation.OperationImplicitParameterReader]: Unable to interpret the implicit parameter configuration with dataType: String, dataTypeClass: class java.lang.Void
2022-12-05 00:46:23 WARN [springfox.documentation.swagger.readers.operation.OperationImplicitParameterReader]: Unable to interpret the implicit parameter configuration with dataType: String, dataTypeClass: class java.lang.Void
2022-12-05 00:46:23 WARN [springfox.documentation.swagger.readers.operation.OperationImplicitParameterReader]: Unable to interpret the implicit parameter configuration with dataType: Int, dataTypeClass: class java.lang.Void
2022-12-05 00:46:23 WARN [springfox.documentation.swagger.readers.operation.OperationImplicitParameterReader]: Unable to interpret the implicit parameter configuration with dataType: String, dataTypeClass: class java.lang.Void
2022-12-05 00:46:23 WARN [springfox.documentation.swagger.readers.operation.OperationImplicitParameterReader]: Unable to interpret the implicit parameter configuration with dataType: String, dataTypeClass: class java.lang.Void
2022-12-05 00:46:23 WARN [springfox.documentation.swagger.readers.operation.OperationImplicitParameterReader]: Unable to interpret the implicit parameter configuration with dataType: Integer, dataTypeClass: class java.lang.Void
2022-12-05 00:46:23 INFO [com.xxx.MusicServerApplication]: Started MusicServerApplication in 2.777 seconds (JVM running for 3.484)
2022-12-05 00:46:27 INFO [org.springframework.web.servlet.DispatcherServlet]: Initializing Servlet 'dispatcherServlet'
2022-12-05 00:46:27 INFO [org.springframework.web.servlet.DispatcherServlet]: Completed initialization in 4 ms
2022-12-05 00:46:27 INFO [com.xxx.handler.MyMetaObjectHandler]: start insert fill...
2022-12-05 00:46:27 INFO [com.zaxxer.hikari.HikariDataSource]: HikariPool-1 - Starting...
2022-12-05 00:46:27 INFO [com.zaxxer.hikari.HikariDataSource]: HikariPool-1 - Start completed.
2022-12-05 00:46:46 INFO [com.zaxxer.hikari.HikariDataSource]: HikariPool-1 - Shutdown initiated...
2022-12-05 00:46:46 INFO [com.zaxxer.hikari.HikariDataSource]: HikariPool-1 - Shutdown completed.
2022-12-05 00:54:20 INFO [com.xxx.MusicServerApplication]: Starting MusicServerApplication on yezideMBP.local with PID 10506 (/Users/albasmagicjourney/Desktop/important-music-server/target/classes started by albasmagicjourney in /Users/albasmagicjourney/Desktop/important-music-server)
2022-12-05 00:54:20 INFO [com.xxx.MusicServerApplication]: The following profiles are active: dev
2022-12-05 00:54:20 INFO [org.springframework.boot.devtools.env.DevToolsPropertyDefaultsPostProcessor]: Devtools property defaults active! Set 'spring.devtools.add-properties' to 'false' to disable
2022-12-05 00:54:20 INFO [org.springframework.boot.devtools.env.DevToolsPropertyDefaultsPostProcessor]: For additional web related logging consider setting the 'logging.level.web' property to 'DEBUG'
2022-12-05 00:54:21 INFO [org.springframework.boot.web.embedded.tomcat.TomcatWebServer]: Tomcat initialized with port(s): 9001 (http)
2022-12-05 00:54:21 INFO [org.springframework.boot.web.servlet.context.ServletWebServerApplicationContext]: Root WebApplicationContext: initialization completed in 1628 ms
2022-12-05 00:54:22 INFO [org.springframework.boot.devtools.autoconfigure.OptionalLiveReloadServer]: LiveReload server is running on port 35729
2022-12-05 00:54:22 INFO [org.springframework.boot.web.embedded.tomcat.TomcatWebServer]: Tomcat started on port(s): 9001 (http) with context path ''
2022-12-05 00:54:22 WARN [springfox.documentation.swagger.readers.operation.OperationImplicitParameterReader]: Unable to interpret the implicit parameter configuration with dataType: String, dataTypeClass: class java.lang.Void
2022-12-05 00:54:22 WARN [springfox.documentation.swagger.readers.operation.OperationImplicitParameterReader]: Unable to interpret the implicit parameter configuration with dataType: String, dataTypeClass: class java.lang.Void
2022-12-05 00:54:22 WARN [springfox.documentation.swagger.readers.operation.OperationImplicitParameterReader]: Unable to interpret the implicit parameter configuration with dataType: String, dataTypeClass: class java.lang.Void
2022-12-05 00:54:22 WARN [springfox.documentation.swagger.readers.operation.OperationImplicitParameterReader]: Unable to interpret the implicit parameter configuration with dataType: String, dataTypeClass: class java.lang.Void
2022-12-05 00:54:22 WARN [springfox.documentation.swagger.readers.operation.OperationImplicitParameterReader]: Unable to interpret the implicit parameter configuration with dataType: String, dataTypeClass: class java.lang.Void
2022-12-05 00:54:22 WARN [springfox.documentation.swagger.readers.operation.OperationImplicitParameterReader]: Unable to interpret the implicit parameter configuration with dataType: Int, dataTypeClass: class java.lang.Void
2022-12-05 00:54:22 WARN [springfox.documentation.swagger.readers.operation.OperationImplicitParameterReader]: Unable to interpret the implicit parameter configuration with dataType: String, dataTypeClass: class java.lang.Void
2022-12-05 00:54:22 WARN [springfox.documentation.swagger.readers.operation.OperationImplicitParameterReader]: Unable to interpret the implicit parameter configuration with dataType: String, dataTypeClass: class java.lang.Void
2022-12-05 00:54:22 WARN [springfox.documentation.swagger.readers.operation.OperationImplicitParameterReader]: Unable to interpret the implicit parameter configuration with dataType: Integer, dataTypeClass: class java.lang.Void
2022-12-05 00:54:22 INFO [com.xxx.MusicServerApplication]: Started MusicServerApplication in 2.789 seconds (JVM running for 3.575)
2022-12-05 00:54:24 INFO [org.springframework.web.servlet.DispatcherServlet]: Initializing Servlet 'dispatcherServlet'
2022-12-05 00:54:24 INFO [org.springframework.web.servlet.DispatcherServlet]: Completed initialization in 5 ms
2022-12-05 00:54:24 INFO [com.xxx.handler.MyMetaObjectHandler]: start insert fill...
2022-12-05 00:54:24 INFO [com.zaxxer.hikari.HikariDataSource]: HikariPool-1 - Starting...
2022-12-05 00:54:25 INFO [com.zaxxer.hikari.HikariDataSource]: HikariPool-1 - Start completed.
2022-12-05 00:55:16 INFO [com.zaxxer.hikari.HikariDataSource]: HikariPool-1 - Shutdown initiated...
2022-12-05 00:55:16 INFO [com.zaxxer.hikari.HikariDataSource]: HikariPool-1 - Shutdown completed.
2022-12-05 15:01:35 INFO [com.xxx.MusicServerApplication]: Starting MusicServerApplication on yezideMBP.local with PID 1024 (/Users/albasmagicjourney/Desktop/important-music-server/target/classes started by albasmagicjourney in /Users/albasmagicjourney/Desktop/important-music-server)
2022-12-05 15:01:35 INFO [com.xxx.MusicServerApplication]: The following profiles are active: dev
2022-12-05 15:01:35 INFO [org.springframework.boot.devtools.env.DevToolsPropertyDefaultsPostProcessor]: Devtools property defaults active! Set 'spring.devtools.add-properties' to 'false' to disable
2022-12-05 15:01:35 INFO [org.springframework.boot.devtools.env.DevToolsPropertyDefaultsPostProcessor]: For additional web related logging consider setting the 'logging.level.web' property to 'DEBUG'
2022-12-05 15:01:37 INFO [org.springframework.boot.web.embedded.tomcat.TomcatWebServer]: Tomcat initialized with port(s): 9001 (http)
2022-12-05 15:01:37 INFO [org.springframework.boot.web.servlet.context.ServletWebServerApplicationContext]: Root WebApplicationContext: initialization completed in 1796 ms
2022-12-05 15:01:37 INFO [org.springframework.boot.devtools.autoconfigure.OptionalLiveReloadServer]: LiveReload server is running on port 35729
2022-12-05 15:01:37 INFO [org.springframework.boot.web.embedded.tomcat.TomcatWebServer]: Tomcat started on port(s): 9001 (http) with context path ''
2022-12-05 15:01:38 WARN [springfox.documentation.swagger.readers.operation.OperationImplicitParameterReader]: Unable to interpret the implicit parameter configuration with dataType: String, dataTypeClass: class java.lang.Void
2022-12-05 15:01:38 WARN [springfox.documentation.swagger.readers.operation.OperationImplicitParameterReader]: Unable to interpret the implicit parameter configuration with dataType: String, dataTypeClass: class java.lang.Void
2022-12-05 15:01:38 WARN [springfox.documentation.swagger.readers.operation.OperationImplicitParameterReader]: Unable to interpret the implicit parameter configuration with dataType: String, dataTypeClass: class java.lang.Void
2022-12-05 15:01:38 WARN [springfox.documentation.swagger.readers.operation.OperationImplicitParameterReader]: Unable to interpret the implicit parameter configuration with dataType: String, dataTypeClass: class java.lang.Void
2022-12-05 15:01:38 WARN [springfox.documentation.swagger.readers.operation.OperationImplicitParameterReader]: Unable to interpret the implicit parameter configuration with dataType: String, dataTypeClass: class java.lang.Void
2022-12-05 15:01:38 WARN [springfox.documentation.swagger.readers.operation.OperationImplicitParameterReader]: Unable to interpret the implicit parameter configuration with dataType: Int, dataTypeClass: class java.lang.Void
2022-12-05 15:01:38 WARN [springfox.documentation.swagger.readers.operation.OperationImplicitParameterReader]: Unable to interpret the implicit parameter configuration with dataType: Integer, dataTypeClass: class java.lang.Void
2022-12-05 15:01:38 WARN [springfox.documentation.swagger.readers.operation.OperationImplicitParameterReader]: Unable to interpret the implicit parameter configuration with dataType: String, dataTypeClass: class java.lang.Void
2022-12-05 15:01:38 WARN [springfox.documentation.swagger.readers.operation.OperationImplicitParameterReader]: Unable to interpret the implicit parameter configuration with dataType: String, dataTypeClass: class java.lang.Void
2022-12-05 15:01:38 WARN [springfox.documentation.swagger.readers.operation.OperationImplicitParameterReader]: Unable to interpret the implicit parameter configuration with dataType: Integer, dataTypeClass: class java.lang.Void
2022-12-05 15:01:38 INFO [com.xxx.MusicServerApplication]: Started MusicServerApplication in 3.024 seconds (JVM running for 3.818)
2022-12-05 15:01:52 INFO [org.springframework.web.servlet.DispatcherServlet]: Initializing Servlet 'dispatcherServlet'
2022-12-05 15:01:52 INFO [org.springframework.web.servlet.DispatcherServlet]: Completed initialization in 4 ms
2022-12-05 15:01:52 INFO [com.xxx.handler.MyMetaObjectHandler]: start insert fill...
2022-12-05 15:01:52 INFO [com.zaxxer.hikari.HikariDataSource]: HikariPool-1 - Starting...
2022-12-05 15:01:53 INFO [com.zaxxer.hikari.HikariDataSource]: HikariPool-1 - Start completed.
2022-12-05 15:03:10 INFO [com.zaxxer.hikari.HikariDataSource]: HikariPool-1 - Shutdown initiated...
2022-12-05 15:03:10 INFO [com.zaxxer.hikari.HikariDataSource]: HikariPool-1 - Shutdown completed.
2022-12-05 15:03:26 INFO [com.xxx.MusicServerApplication]: Starting MusicServerApplication on yezideMBP.local with PID 1033 (/Users/albasmagicjourney/Desktop/important-music-server/target/classes started by albasmagicjourney in /Users/albasmagicjourney/Desktop/important-music-server)
2022-12-05 15:03:26 INFO [com.xxx.MusicServerApplication]: The following profiles are active: dev
2022-12-05 15:03:26 INFO [org.springframework.boot.devtools.env.DevToolsPropertyDefaultsPostProcessor]: Devtools property defaults active! Set 'spring.devtools.add-properties' to 'false' to disable
2022-12-05 15:03:26 INFO [org.springframework.boot.devtools.env.DevToolsPropertyDefaultsPostProcessor]: For additional web related logging consider setting the 'logging.level.web' property to 'DEBUG'
2022-12-05 15:03:27 INFO [org.springframework.boot.web.embedded.tomcat.TomcatWebServer]: Tomcat initialized with port(s): 9001 (http)
2022-12-05 15:03:27 INFO [org.springframework.boot.web.servlet.context.ServletWebServerApplicationContext]: Root WebApplicationContext: initialization completed in 1723 ms
2022-12-05 15:03:28 INFO [org.springframework.boot.devtools.autoconfigure.OptionalLiveReloadServer]: LiveReload server is running on port 35729
2022-12-05 15:03:28 INFO [org.springframework.boot.web.embedded.tomcat.TomcatWebServer]: Tomcat started on port(s): 9001 (http) with context path ''
2022-12-05 15:03:28 WARN [springfox.documentation.swagger.readers.operation.OperationImplicitParameterReader]: Unable to interpret the implicit parameter configuration with dataType: String, dataTypeClass: class java.lang.Void
2022-12-05 15:03:28 WARN [springfox.documentation.swagger.readers.operation.OperationImplicitParameterReader]: Unable to interpret the implicit parameter configuration with dataType: String, dataTypeClass: class java.lang.Void
2022-12-05 15:03:28 WARN [springfox.documentation.swagger.readers.operation.OperationImplicitParameterReader]: Unable to interpret the implicit parameter configuration with dataType: String, dataTypeClass: class java.lang.Void
2022-12-05 15:03:28 WARN [springfox.documentation.swagger.readers.operation.OperationImplicitParameterReader]: Unable to interpret the implicit parameter configuration with dataType: String, dataTypeClass: class java.lang.Void
2022-12-05 15:03:28 WARN [springfox.documentation.swagger.readers.operation.OperationImplicitParameterReader]: Unable to interpret the implicit parameter configuration with dataType: String, dataTypeClass: class java.lang.Void
2022-12-05 15:03:28 WARN [springfox.documentation.swagger.readers.operation.OperationImplicitParameterReader]: Unable to interpret the implicit parameter configuration with dataType: Int, dataTypeClass: class java.lang.Void
2022-12-05 15:03:28 WARN [springfox.documentation.swagger.readers.operation.OperationImplicitParameterReader]: Unable to interpret the implicit parameter configuration with dataType: Integer, dataTypeClass: class java.lang.Void
2022-12-05 15:03:28 WARN [springfox.documentation.swagger.readers.operation.OperationImplicitParameterReader]: Unable to interpret the implicit parameter configuration with dataType: String, dataTypeClass: class java.lang.Void
2022-12-05 15:03:28 WARN [springfox.documentation.swagger.readers.operation.OperationImplicitParameterReader]: Unable to interpret the implicit parameter configuration with dataType: String, dataTypeClass: class java.lang.Void
2022-12-05 15:03:28 WARN [springfox.documentation.swagger.readers.operation.OperationImplicitParameterReader]: Unable to interpret the implicit parameter configuration with dataType: Integer, dataTypeClass: class java.lang.Void
2022-12-05 15:03:28 INFO [com.xxx.MusicServerApplication]: Started MusicServerApplication in 2.905 seconds (JVM running for 3.576)
2022-12-05 15:15:33 INFO [com.xxx.MusicServerApplication]: Starting MusicServerApplication on yezideMBP.local with PID 1159 (/Users/albasmagicjourney/Desktop/important-music-server/target/classes started by albasmagicjourney in /Users/albasmagicjourney/Desktop/important-music-server)
2022-12-05 15:15:33 INFO [com.xxx.MusicServerApplication]: The following profiles are active: dev
2022-12-05 15:15:33 INFO [org.springframework.boot.devtools.env.DevToolsPropertyDefaultsPostProcessor]: Devtools property defaults active! Set 'spring.devtools.add-properties' to 'false' to disable
2022-12-05 15:15:33 INFO [org.springframework.boot.devtools.env.DevToolsPropertyDefaultsPostProcessor]: For additional web related logging consider setting the 'logging.level.web' property to 'DEBUG'
2022-12-05 15:15:34 INFO [org.springframework.boot.web.embedded.tomcat.TomcatWebServer]: Tomcat initialized with port(s): 9001 (http)
2022-12-05 15:15:34 INFO [org.springframework.boot.web.servlet.context.ServletWebServerApplicationContext]: Root WebApplicationContext: initialization completed in 1834 ms
2022-12-05 15:15:35 INFO [org.springframework.boot.devtools.autoconfigure.OptionalLiveReloadServer]: LiveReload server is running on port 35729
2022-12-05 15:15:35 INFO [org.springframework.boot.web.embedded.tomcat.TomcatWebServer]: Tomcat started on port(s): 9001 (http) with context path ''
2022-12-05 15:15:35 WARN [springfox.documentation.swagger.readers.operation.OperationImplicitParameterReader]: Unable to interpret the implicit parameter configuration with dataType: String, dataTypeClass: class java.lang.Void
2022-12-05 15:15:35 WARN [springfox.documentation.swagger.readers.operation.OperationImplicitParameterReader]: Unable to interpret the implicit parameter configuration with dataType: String, dataTypeClass: class java.lang.Void
2022-12-05 15:15:35 WARN [springfox.documentation.swagger.readers.operation.OperationImplicitParameterReader]: Unable to interpret the implicit parameter configuration with dataType: String, dataTypeClass: class java.lang.Void
2022-12-05 15:15:35 WARN [springfox.documentation.swagger.readers.operation.OperationImplicitParameterReader]: Unable to interpret the implicit parameter configuration with dataType: String, dataTypeClass: class java.lang.Void
2022-12-05 15:15:35 WARN [springfox.documentation.swagger.readers.operation.OperationImplicitParameterReader]: Unable to interpret the implicit parameter configuration with dataType: String, dataTypeClass: class java.lang.Void
2022-12-05 15:15:35 WARN [springfox.documentation.swagger.readers.operation.OperationImplicitParameterReader]: Unable to interpret the implicit parameter configuration with dataType: Int, dataTypeClass: class java.lang.Void
2022-12-05 15:15:35 WARN [springfox.documentation.swagger.readers.operation.OperationImplicitParameterReader]: Unable to interpret the implicit parameter configuration with dataType: Integer, dataTypeClass: class java.lang.Void
2022-12-05 15:15:35 WARN [springfox.documentation.swagger.readers.operation.OperationImplicitParameterReader]: Unable to interpret the implicit parameter configuration with dataType: String, dataTypeClass: class java.lang.Void
2022-12-05 15:15:35 WARN [springfox.documentation.swagger.readers.operation.OperationImplicitParameterReader]: Unable to interpret the implicit parameter configuration with dataType: String, dataTypeClass: class java.lang.Void
2022-12-05 15:15:35 WARN [springfox.documentation.swagger.readers.operation.OperationImplicitParameterReader]: Unable to interpret the implicit parameter configuration with dataType: Integer, dataTypeClass: class java.lang.Void
2022-12-05 15:15:35 INFO [com.xxx.MusicServerApplication]: Started MusicServerApplication in 3.056 seconds (JVM running for 3.856)
2022-12-05 15:15:44 INFO [org.springframework.web.servlet.DispatcherServlet]: Initializing Servlet 'dispatcherServlet'
2022-12-05 15:15:44 INFO [org.springframework.web.servlet.DispatcherServlet]: Completed initialization in 4 ms
2022-12-05 15:15:44 INFO [com.zaxxer.hikari.HikariDataSource]: HikariPool-1 - Starting...
2022-12-05 15:15:45 INFO [com.zaxxer.hikari.HikariDataSource]: HikariPool-1 - Start completed.
2022-12-05 15:16:05 INFO [com.zaxxer.hikari.HikariDataSource]: HikariPool-1 - Shutdown initiated...
2022-12-05 15:16:05 INFO [com.zaxxer.hikari.HikariDataSource]: HikariPool-1 - Shutdown completed.
2022-12-05 15:16:09 INFO [com.xxx.MusicServerApplication]: Starting MusicServerApplication on yezideMBP.local with PID 1166 (/Users/albasmagicjourney/Desktop/important-music-server/target/classes started by albasmagicjourney in /Users/albasmagicjourney/Desktop/important-music-server)
2022-12-05 15:16:09 INFO [com.xxx.MusicServerApplication]: The following profiles are active: dev
2022-12-05 15:16:09 INFO [org.springframework.boot.devtools.env.DevToolsPropertyDefaultsPostProcessor]: Devtools property defaults active! Set 'spring.devtools.add-properties' to 'false' to disable
2022-12-05 15:16:09 INFO [org.springframework.boot.devtools.env.DevToolsPropertyDefaultsPostProcessor]: For additional web related logging consider setting the 'logging.level.web' property to 'DEBUG'
2022-12-05 15:16:11 INFO [org.springframework.boot.web.embedded.tomcat.TomcatWebServer]: Tomcat initialized with port(s): 9001 (http)
2022-12-05 15:16:11 INFO [org.springframework.boot.web.servlet.context.ServletWebServerApplicationContext]: Root WebApplicationContext: initialization completed in 1541 ms
2022-12-05 15:16:11 INFO [org.springframework.boot.devtools.autoconfigure.OptionalLiveReloadServer]: LiveReload server is running on port 35729
2022-12-05 15:16:11 INFO [org.springframework.boot.web.embedded.tomcat.TomcatWebServer]: Tomcat started on port(s): 9001 (http) with context path ''
2022-12-05 15:16:11 WARN [springfox.documentation.swagger.readers.operation.OperationImplicitParameterReader]: Unable to interpret the implicit parameter configuration with dataType: String, dataTypeClass: class java.lang.Void
2022-12-05 15:16:11 WARN [springfox.documentation.swagger.readers.operation.OperationImplicitParameterReader]: Unable to interpret the implicit parameter configuration with dataType: String, dataTypeClass: class java.lang.Void
2022-12-05 15:16:11 WARN [springfox.documentation.swagger.readers.operation.OperationImplicitParameterReader]: Unable to interpret the implicit parameter configuration with dataType: String, dataTypeClass: class java.lang.Void
2022-12-05 15:16:11 WARN [springfox.documentation.swagger.readers.operation.OperationImplicitParameterReader]: Unable to interpret the implicit parameter configuration with dataType: String, dataTypeClass: class java.lang.Void
2022-12-05 15:16:11 WARN [springfox.documentation.swagger.readers.operation.OperationImplicitParameterReader]: Unable to interpret the implicit parameter configuration with dataType: String, dataTypeClass: class java.lang.Void
2022-12-05 15:16:11 WARN [springfox.documentation.swagger.readers.operation.OperationImplicitParameterReader]: Unable to interpret the implicit parameter configuration with dataType: Int, dataTypeClass: class java.lang.Void
2022-12-05 15:16:11 WARN [springfox.documentation.swagger.readers.operation.OperationImplicitParameterReader]: Unable to interpret the implicit parameter configuration with dataType: Integer, dataTypeClass: class java.lang.Void
2022-12-05 15:16:11 WARN [springfox.documentation.swagger.readers.operation.OperationImplicitParameterReader]: Unable to interpret the implicit parameter configuration with dataType: String, dataTypeClass: class java.lang.Void
2022-12-05 15:16:11 WARN [springfox.documentation.swagger.readers.operation.OperationImplicitParameterReader]: Unable to interpret the implicit parameter configuration with dataType: String, dataTypeClass: class java.lang.Void
2022-12-05 15:16:12 WARN [springfox.documentation.swagger.readers.operation.OperationImplicitParameterReader]: Unable to interpret the implicit parameter configuration with dataType: Integer, dataTypeClass: class java.lang.Void
2022-12-05 15:16:12 INFO [com.xxx.MusicServerApplication]: Started MusicServerApplication in 2.663 seconds (JVM running for 3.33)
2022-12-05 15:16:14 INFO [org.springframework.web.servlet.DispatcherServlet]: Initializing Servlet 'dispatcherServlet'
2022-12-05 15:16:14 INFO [org.springframework.web.servlet.DispatcherServlet]: Completed initialization in 4 ms
2022-12-05 15:16:14 INFO [com.zaxxer.hikari.HikariDataSource]: HikariPool-1 - Starting...
2022-12-05 15:16:15 INFO [com.zaxxer.hikari.HikariDataSource]: HikariPool-1 - Start completed.
2022-12-05 15:16:20 INFO [com.zaxxer.hikari.HikariDataSource]: HikariPool-1 - Shutdown initiated...
2022-12-05 15:16:21 INFO [com.zaxxer.hikari.HikariDataSource]: HikariPool-1 - Shutdown completed.
2022-12-05 15:44:16 INFO [com.xxx.MusicServerApplication]: Starting MusicServerApplication on yezideMBP.local with PID 1330 (/Users/albasmagicjourney/Desktop/important-music-server/target/classes started by albasmagicjourney in /Users/albasmagicjourney/Desktop/important-music-server)
2022-12-05 15:44:16 INFO [com.xxx.MusicServerApplication]: The following profiles are active: dev
2022-12-05 15:44:16 INFO [org.springframework.boot.devtools.env.DevToolsPropertyDefaultsPostProcessor]: Devtools property defaults active! Set 'spring.devtools.add-properties' to 'false' to disable
2022-12-05 15:44:16 INFO [org.springframework.boot.devtools.env.DevToolsPropertyDefaultsPostProcessor]: For additional web related logging consider setting the 'logging.level.web' property to 'DEBUG'
2022-12-05 15:44:18 INFO [org.springframework.boot.web.embedded.tomcat.TomcatWebServer]: Tomcat initialized with port(s): 9001 (http)
2022-12-05 15:44:18 INFO [org.springframework.boot.web.servlet.context.ServletWebServerApplicationContext]: Root WebApplicationContext: initialization completed in 1559 ms
2022-12-05 15:44:18 INFO [org.springframework.boot.devtools.autoconfigure.OptionalLiveReloadServer]: LiveReload server is running on port 35729
2022-12-05 15:44:18 INFO [org.springframework.boot.web.embedded.tomcat.TomcatWebServer]: Tomcat started on port(s): 9001 (http) with context path ''
2022-12-05 15:44:18 WARN [springfox.documentation.swagger.readers.operation.OperationImplicitParameterReader]: Unable to interpret the implicit parameter configuration with dataType: String, dataTypeClass: class java.lang.Void
2022-12-05 15:44:18 WARN [springfox.documentation.swagger.readers.operation.OperationImplicitParameterReader]: Unable to interpret the implicit parameter configuration with dataType: String, dataTypeClass: class java.lang.Void
2022-12-05 15:44:18 WARN [springfox.documentation.swagger.readers.operation.OperationImplicitParameterReader]: Unable to interpret the implicit parameter configuration with dataType: String, dataTypeClass: class java.lang.Void
2022-12-05 15:44:18 WARN [springfox.documentation.swagger.readers.operation.OperationImplicitParameterReader]: Unable to interpret the implicit parameter configuration with dataType: String, dataTypeClass: class java.lang.Void
2022-12-05 15:44:18 WARN [springfox.documentation.swagger.readers.operation.OperationImplicitParameterReader]: Unable to interpret the implicit parameter configuration with dataType: String, dataTypeClass: class java.lang.Void
2022-12-05 15:44:18 WARN [springfox.documentation.swagger.readers.operation.OperationImplicitParameterReader]: Unable to interpret the implicit parameter configuration with dataType: Int, dataTypeClass: class java.lang.Void
2022-12-05 15:44:18 WARN [springfox.documentation.swagger.readers.operation.OperationImplicitParameterReader]: Unable to interpret the implicit parameter configuration with dataType: Integer, dataTypeClass: class java.lang.Void
2022-12-05 15:44:18 WARN [springfox.documentation.swagger.readers.operation.OperationImplicitParameterReader]: Unable to interpret the implicit parameter configuration with dataType: String, dataTypeClass: class java.lang.Void
2022-12-05 15:44:18 WARN [springfox.documentation.swagger.readers.operation.OperationImplicitParameterReader]: Unable to interpret the implicit parameter configuration with dataType: String, dataTypeClass: class java.lang.Void
2022-12-05 15:44:18 WARN [springfox.documentation.swagger.readers.operation.OperationImplicitParameterReader]: Unable to interpret the implicit parameter configuration with dataType: Integer, dataTypeClass: class java.lang.Void
2022-12-05 15:44:19 INFO [com.xxx.MusicServerApplication]: Started MusicServerApplication in 2.718 seconds (JVM running for 3.597)
2022-12-05 15:45:20 INFO [org.springframework.web.servlet.DispatcherServlet]: Initializing Servlet 'dispatcherServlet'
2022-12-05 15:45:20 INFO [org.springframework.web.servlet.DispatcherServlet]: Completed initialization in 4 ms
2022-12-05 15:45:20 INFO [com.zaxxer.hikari.HikariDataSource]: HikariPool-1 - Starting...
2022-12-05 15:45:21 INFO [com.zaxxer.hikari.HikariDataSource]: HikariPool-1 - Start completed.
2022-12-05 15:46:51 INFO [com.zaxxer.hikari.HikariDataSource]: HikariPool-1 - Shutdown initiated...
2022-12-05 15:46:51 INFO [com.zaxxer.hikari.HikariDataSource]: HikariPool-1 - Shutdown completed.
2022-12-05 15:46:51 INFO [org.springframework.boot.devtools.env.DevToolsPropertyDefaultsPostProcessor]: Devtools property defaults active! Set 'spring.devtools.add-properties' to 'false' to disable
2022-12-05 15:46:51 INFO [org.springframework.boot.devtools.env.DevToolsPropertyDefaultsPostProcessor]: For additional web related logging consider setting the 'logging.level.web' property to 'DEBUG'
2022-12-05 15:46:51 INFO [com.xxx.MusicServerApplication]: Starting MusicServerApplication on yezideMBP.local with PID 1330 (/Users/albasmagicjourney/Desktop/important-music-server/target/classes started by albasmagicjourney in /Users/albasmagicjourney/Desktop/important-music-server)
2022-12-05 15:46:51 INFO [com.xxx.MusicServerApplication]: The following profiles are active: dev
2022-12-05 15:46:52 INFO [org.springframework.boot.web.embedded.tomcat.TomcatWebServer]: Tomcat initialized with port(s): 9001 (http)
2022-12-05 15:46:52 INFO [org.springframework.boot.web.servlet.context.ServletWebServerApplicationContext]: Root WebApplicationContext: initialization completed in 680 ms
2022-12-05 15:46:52 INFO [org.springframework.boot.devtools.autoconfigure.OptionalLiveReloadServer]: LiveReload server is running on port 35729
2022-12-05 15:46:52 INFO [org.springframework.boot.web.embedded.tomcat.TomcatWebServer]: Tomcat started on port(s): 9001 (http) with context path ''
2022-12-05 15:46:52 WARN [springfox.documentation.swagger.readers.operation.OperationImplicitParameterReader]: Unable to interpret the implicit parameter configuration with dataType: String, dataTypeClass: class java.lang.Void
2022-12-05 15:46:52 WARN [springfox.documentation.swagger.readers.operation.OperationImplicitParameterReader]: Unable to interpret the implicit parameter configuration with dataType: String, dataTypeClass: class java.lang.Void
2022-12-05 15:46:52 WARN [springfox.documentation.swagger.readers.operation.OperationImplicitParameterReader]: Unable to interpret the implicit parameter configuration with dataType: String, dataTypeClass: class java.lang.Void
2022-12-05 15:46:52 WARN [springfox.documentation.swagger.readers.operation.OperationImplicitParameterReader]: Unable to interpret the implicit parameter configuration with dataType: String, dataTypeClass: class java.lang.Void
2022-12-05 15:46:52 WARN [springfox.documentation.swagger.readers.operation.OperationImplicitParameterReader]: Unable to interpret the implicit parameter configuration with dataType: String, dataTypeClass: class java.lang.Void
2022-12-05 15:46:52 WARN [springfox.documentation.swagger.readers.operation.OperationImplicitParameterReader]: Unable to interpret the implicit parameter configuration with dataType: Int, dataTypeClass: class java.lang.Void
2022-12-05 15:46:52 WARN [springfox.documentation.swagger.readers.operation.OperationImplicitParameterReader]: Unable to interpret the implicit parameter configuration with dataType: Integer, dataTypeClass: class java.lang.Void
2022-12-05 15:46:52 WARN [springfox.documentation.swagger.readers.operation.OperationImplicitParameterReader]: Unable to interpret the implicit parameter configuration with dataType: String, dataTypeClass: class java.lang.Void
2022-12-05 15:46:52 WARN [springfox.documentation.swagger.readers.operation.OperationImplicitParameterReader]: Unable to interpret the implicit parameter configuration with dataType: String, dataTypeClass: class java.lang.Void
2022-12-05 15:46:52 WARN [springfox.documentation.swagger.readers.operation.OperationImplicitParameterReader]: Unable to interpret the implicit parameter configuration with dataType: Integer, dataTypeClass: class java.lang.Void
2022-12-05 15:46:52 INFO [com.xxx.MusicServerApplication]: Started MusicServerApplication in 1.308 seconds (JVM running for 157.183)
2022-12-05 15:46:52 INFO [org.springframework.boot.devtools.autoconfigure.ConditionEvaluationDeltaLoggingListener]: Condition evaluation unchanged
2022-12-05 15:48:15 INFO [com.xxx.MusicServerApplication]: Starting MusicServerApplication on yezideMBP.local with PID 1348 (/Users/albasmagicjourney/Desktop/important-music-server/target/classes started by albasmagicjourney in /Users/albasmagicjourney/Desktop/important-music-server)
2022-12-05 15:48:15 INFO [com.xxx.MusicServerApplication]: The following profiles are active: dev
2022-12-05 15:48:15 INFO [org.springframework.boot.devtools.env.DevToolsPropertyDefaultsPostProcessor]: Devtools property defaults active! Set 'spring.devtools.add-properties' to 'false' to disable
2022-12-05 15:48:15 INFO [org.springframework.boot.devtools.env.DevToolsPropertyDefaultsPostProcessor]: For additional web related logging consider setting the 'logging.level.web' property to 'DEBUG'
2022-12-05 15:48:16 INFO [org.springframework.boot.web.embedded.tomcat.TomcatWebServer]: Tomcat initialized with port(s): 9001 (http)
2022-12-05 15:48:16 INFO [org.springframework.boot.web.servlet.context.ServletWebServerApplicationContext]: Root WebApplicationContext: initialization completed in 1618 ms
2022-12-05 15:48:17 INFO [org.springframework.boot.devtools.autoconfigure.OptionalLiveReloadServer]: LiveReload server is running on port 35729
2022-12-05 15:48:17 INFO [org.springframework.boot.web.embedded.tomcat.TomcatWebServer]: Tomcat started on port(s): 9001 (http) with context path ''
2022-12-05 15:48:17 WARN [springfox.documentation.swagger.readers.operation.OperationImplicitParameterReader]: Unable to interpret the implicit parameter configuration with dataType: String, dataTypeClass: class java.lang.Void
2022-12-05 15:48:17 WARN [springfox.documentation.swagger.readers.operation.OperationImplicitParameterReader]: Unable to interpret the implicit parameter configuration with dataType: String, dataTypeClass: class java.lang.Void
2022-12-05 15:48:17 WARN [springfox.documentation.swagger.readers.operation.OperationImplicitParameterReader]: Unable to interpret the implicit parameter configuration with dataType: String, dataTypeClass: class java.lang.Void
2022-12-05 15:48:17 WARN [springfox.documentation.swagger.readers.operation.OperationImplicitParameterReader]: Unable to interpret the implicit parameter configuration with dataType: String, dataTypeClass: class java.lang.Void
2022-12-05 15:48:17 WARN [springfox.documentation.swagger.readers.operation.OperationImplicitParameterReader]: Unable to interpret the implicit parameter configuration with dataType: String, dataTypeClass: class java.lang.Void
2022-12-05 15:48:17 WARN [springfox.documentation.swagger.readers.operation.OperationImplicitParameterReader]: Unable to interpret the implicit parameter configuration with dataType: Int, dataTypeClass: class java.lang.Void
2022-12-05 15:48:17 WARN [springfox.documentation.swagger.readers.operation.OperationImplicitParameterReader]: Unable to interpret the implicit parameter configuration with dataType: Integer, dataTypeClass: class java.lang.Void
2022-12-05 15:48:17 WARN [springfox.documentation.swagger.readers.operation.OperationImplicitParameterReader]: Unable to interpret the implicit parameter configuration with dataType: String, dataTypeClass: class java.lang.Void
2022-12-05 15:48:17 WARN [springfox.documentation.swagger.readers.operation.OperationImplicitParameterReader]: Unable to interpret the implicit parameter configuration with dataType: String, dataTypeClass: class java.lang.Void
2022-12-05 15:48:17 WARN [springfox.documentation.swagger.readers.operation.OperationImplicitParameterReader]: Unable to interpret the implicit parameter configuration with dataType: Integer, dataTypeClass: class java.lang.Void
2022-12-05 15:48:17 INFO [com.xxx.MusicServerApplication]: Started MusicServerApplication in 2.744 seconds (JVM running for 3.37)
2022-12-05 15:48:21 INFO [org.springframework.web.servlet.DispatcherServlet]: Initializing Servlet 'dispatcherServlet'
2022-12-05 15:48:21 INFO [org.springframework.web.servlet.DispatcherServlet]: Completed initialization in 4 ms
2022-12-05 15:48:21 INFO [com.zaxxer.hikari.HikariDataSource]: HikariPool-1 - Starting...
2022-12-05 15:48:22 INFO [com.zaxxer.hikari.HikariDataSource]: HikariPool-1 - Start completed.
2022-12-05 15:49:04 INFO [com.zaxxer.hikari.HikariDataSource]: HikariPool-1 - Shutdown initiated...
2022-12-05 15:49:04 INFO [com.zaxxer.hikari.HikariDataSource]: HikariPool-1 - Shutdown completed.
2022-12-05 15:49:30 INFO [com.xxx.MusicServerApplication]: Starting MusicServerApplication on yezideMBP.local with PID 1365 (/Users/albasmagicjourney/Desktop/important-music-server/target/classes started by albasmagicjourney in /Users/albasmagicjourney/Desktop/important-music-server)
2022-12-05 15:49:30 INFO [com.xxx.MusicServerApplication]: The following profiles are active: dev
2022-12-05 15:49:30 INFO [org.springframework.boot.devtools.env.DevToolsPropertyDefaultsPostProcessor]: Devtools property defaults active! Set 'spring.devtools.add-properties' to 'false' to disable
2022-12-05 15:49:30 INFO [org.springframework.boot.devtools.env.DevToolsPropertyDefaultsPostProcessor]: For additional web related logging consider setting the 'logging.level.web' property to 'DEBUG'
2022-12-05 15:49:32 INFO [org.springframework.boot.web.embedded.tomcat.TomcatWebServer]: Tomcat initialized with port(s): 9001 (http)
2022-12-05 15:49:32 INFO [org.springframework.boot.web.servlet.context.ServletWebServerApplicationContext]: Root WebApplicationContext: initialization completed in 1857 ms
2022-12-05 15:49:33 INFO [org.springframework.boot.devtools.autoconfigure.OptionalLiveReloadServer]: LiveReload server is running on port 35729
2022-12-05 15:49:33 INFO [org.springframework.boot.web.embedded.tomcat.TomcatWebServer]: Tomcat started on port(s): 9001 (http) with context path ''
2022-12-05 15:49:33 WARN [springfox.documentation.swagger.readers.operation.OperationImplicitParameterReader]: Unable to interpret the implicit parameter configuration with dataType: String, dataTypeClass: class java.lang.Void
2022-12-05 15:49:33 WARN [springfox.documentation.swagger.readers.operation.OperationImplicitParameterReader]: Unable to interpret the implicit parameter configuration with dataType: String, dataTypeClass: class java.lang.Void
2022-12-05 15:49:33 WARN [springfox.documentation.swagger.readers.operation.OperationImplicitParameterReader]: Unable to interpret the implicit parameter configuration with dataType: String, dataTypeClass: class java.lang.Void
2022-12-05 15:49:33 WARN [springfox.documentation.swagger.readers.operation.OperationImplicitParameterReader]: Unable to interpret the implicit parameter configuration with dataType: String, dataTypeClass: class java.lang.Void
2022-12-05 15:49:33 WARN [springfox.documentation.swagger.readers.operation.OperationImplicitParameterReader]: Unable to interpret the implicit parameter configuration with dataType: String, dataTypeClass: class java.lang.Void
2022-12-05 15:49:33 WARN [springfox.documentation.swagger.readers.operation.OperationImplicitParameterReader]: Unable to interpret the implicit parameter configuration with dataType: Int, dataTypeClass: class java.lang.Void
2022-12-05 15:49:33 WARN [springfox.documentation.swagger.readers.operation.OperationImplicitParameterReader]: Unable to interpret the implicit parameter configuration with dataType: Integer, dataTypeClass: class java.lang.Void
2022-12-05 15:49:33 WARN [springfox.documentation.swagger.readers.operation.OperationImplicitParameterReader]: Unable to interpret the implicit parameter configuration with dataType: String, dataTypeClass: class java.lang.Void
2022-12-05 15:49:33 WARN [springfox.documentation.swagger.readers.operation.OperationImplicitParameterReader]: Unable to interpret the implicit parameter configuration with dataType: String, dataTypeClass: class java.lang.Void
2022-12-05 15:49:33 WARN [springfox.documentation.swagger.readers.operation.OperationImplicitParameterReader]: Unable to interpret the implicit parameter configuration with dataType: Integer, dataTypeClass: class java.lang.Void
2022-12-05 15:49:33 INFO [com.xxx.MusicServerApplication]: Started MusicServerApplication in 3.01 seconds (JVM running for 3.768)
2022-12-05 15:49:35 INFO [org.springframework.web.servlet.DispatcherServlet]: Initializing Servlet 'dispatcherServlet'
2022-12-05 15:49:35 INFO [org.springframework.web.servlet.DispatcherServlet]: Completed initialization in 4 ms
2022-12-05 15:49:35 INFO [com.zaxxer.hikari.HikariDataSource]: HikariPool-1 - Starting...
2022-12-05 15:49:35 INFO [com.zaxxer.hikari.HikariDataSource]: HikariPool-1 - Start completed.
2022-12-05 15:50:17 INFO [com.zaxxer.hikari.HikariDataSource]: HikariPool-1 - Shutdown initiated...
2022-12-05 15:50:17 INFO [com.zaxxer.hikari.HikariDataSource]: HikariPool-1 - Shutdown completed.
2022-12-05 15:50:23 INFO [com.xxx.MusicServerApplication]: Starting MusicServerApplication on yezideMBP.local with PID 1376 (/Users/albasmagicjourney/Desktop/important-music-server/target/classes started by albasmagicjourney in /Users/albasmagicjourney/Desktop/important-music-server)
2022-12-05 15:50:23 INFO [com.xxx.MusicServerApplication]: The following profiles are active: dev
2022-12-05 15:50:23 INFO [org.springframework.boot.devtools.env.DevToolsPropertyDefaultsPostProcessor]: Devtools property defaults active! Set 'spring.devtools.add-properties' to 'false' to disable
2022-12-05 15:50:23 INFO [org.springframework.boot.devtools.env.DevToolsPropertyDefaultsPostProcessor]: For additional web related logging consider setting the 'logging.level.web' property to 'DEBUG'
2022-12-05 15:50:25 INFO [org.springframework.boot.web.embedded.tomcat.TomcatWebServer]: Tomcat initialized with port(s): 9001 (http)
2022-12-05 15:50:25 INFO [org.springframework.boot.web.servlet.context.ServletWebServerApplicationContext]: Root WebApplicationContext: initialization completed in 1513 ms
2022-12-05 15:50:25 INFO [org.springframework.boot.devtools.autoconfigure.OptionalLiveReloadServer]: LiveReload server is running on port 35729
2022-12-05 15:50:26 INFO [org.springframework.boot.web.embedded.tomcat.TomcatWebServer]: Tomcat started on port(s): 9001 (http) with context path ''
2022-12-05 15:50:26 WARN [springfox.documentation.swagger.readers.operation.OperationImplicitParameterReader]: Unable to interpret the implicit parameter configuration with dataType: String, dataTypeClass: class java.lang.Void
2022-12-05 15:50:26 WARN [springfox.documentation.swagger.readers.operation.OperationImplicitParameterReader]: Unable to interpret the implicit parameter configuration with dataType: String, dataTypeClass: class java.lang.Void
2022-12-05 15:50:26 WARN [springfox.documentation.swagger.readers.operation.OperationImplicitParameterReader]: Unable to interpret the implicit parameter configuration with dataType: String, dataTypeClass: class java.lang.Void
2022-12-05 15:50:26 WARN [springfox.documentation.swagger.readers.operation.OperationImplicitParameterReader]: Unable to interpret the implicit parameter configuration with dataType: String, dataTypeClass: class java.lang.Void
2022-12-05 15:50:26 WARN [springfox.documentation.swagger.readers.operation.OperationImplicitParameterReader]: Unable to interpret the implicit parameter configuration with dataType: String, dataTypeClass: class java.lang.Void
2022-12-05 15:50:26 WARN [springfox.documentation.swagger.readers.operation.OperationImplicitParameterReader]: Unable to interpret the implicit parameter configuration with dataType: Int, dataTypeClass: class java.lang.Void
2022-12-05 15:50:26 WARN [springfox.documentation.swagger.readers.operation.OperationImplicitParameterReader]: Unable to interpret the implicit parameter configuration with dataType: Integer, dataTypeClass: class java.lang.Void
2022-12-05 15:50:26 WARN [springfox.documentation.swagger.readers.operation.OperationImplicitParameterReader]: Unable to interpret the implicit parameter configuration with dataType: String, dataTypeClass: class java.lang.Void
2022-12-05 15:50:26 WARN [springfox.documentation.swagger.readers.operation.OperationImplicitParameterReader]: Unable to interpret the implicit parameter configuration with dataType: String, dataTypeClass: class java.lang.Void
2022-12-05 15:50:26 WARN [springfox.documentation.swagger.readers.operation.OperationImplicitParameterReader]: Unable to interpret the implicit parameter configuration with dataType: Integer, dataTypeClass: class java.lang.Void
2022-12-05 15:50:26 INFO [com.xxx.MusicServerApplication]: Started MusicServerApplication in 2.607 seconds (JVM running for 3.254)
2022-12-05 21:34:54 INFO [com.xxx.MusicServerApplication]: Starting MusicServerApplication on yezideMBP.local with PID 2845 (/Users/albasmagicjourney/Desktop/important-music-server/target/classes started by albasmagicjourney in /Users/albasmagicjourney/Desktop/important-music-server)
2022-12-05 21:34:54 INFO [com.xxx.MusicServerApplication]: The following profiles are active: dev
2022-12-05 21:34:54 INFO [org.springframework.boot.devtools.env.DevToolsPropertyDefaultsPostProcessor]: Devtools property defaults active! Set 'spring.devtools.add-properties' to 'false' to disable
2022-12-05 21:34:54 INFO [org.springframework.boot.devtools.env.DevToolsPropertyDefaultsPostProcessor]: For additional web related logging consider setting the 'logging.level.web' property to 'DEBUG'
2022-12-05 21:34:56 INFO [org.springframework.boot.web.embedded.tomcat.TomcatWebServer]: Tomcat initialized with port(s): 9001 (http)
2022-12-05 21:34:56 INFO [org.springframework.boot.web.servlet.context.ServletWebServerApplicationContext]: Root WebApplicationContext: initialization completed in 1996 ms
2022-12-05 21:34:56 INFO [org.springframework.boot.devtools.autoconfigure.OptionalLiveReloadServer]: LiveReload server is running on port 35729
2022-12-05 21:34:57 INFO [org.springframework.boot.web.embedded.tomcat.TomcatWebServer]: Tomcat started on port(s): 9001 (http) with context path ''
2022-12-05 21:34:57 WARN [springfox.documentation.swagger.readers.operation.OperationImplicitParameterReader]: Unable to interpret the implicit parameter configuration with dataType: String, dataTypeClass: class java.lang.Void
2022-12-05 21:34:57 WARN [springfox.documentation.swagger.readers.operation.OperationImplicitParameterReader]: Unable to interpret the implicit parameter configuration with dataType: String, dataTypeClass: class java.lang.Void
2022-12-05 21:34:57 WARN [springfox.documentation.swagger.readers.operation.OperationImplicitParameterReader]: Unable to interpret the implicit parameter configuration with dataType: String, dataTypeClass: class java.lang.Void
2022-12-05 21:34:57 WARN [springfox.documentation.swagger.readers.operation.OperationImplicitParameterReader]: Unable to interpret the implicit parameter configuration with dataType: String, dataTypeClass: class java.lang.Void
2022-12-05 21:34:57 WARN [springfox.documentation.swagger.readers.operation.OperationImplicitParameterReader]: Unable to interpret the implicit parameter configuration with dataType: String, dataTypeClass: class java.lang.Void
2022-12-05 21:34:57 WARN [springfox.documentation.swagger.readers.operation.OperationImplicitParameterReader]: Unable to interpret the implicit parameter configuration with dataType: Int, dataTypeClass: class java.lang.Void
2022-12-05 21:34:57 WARN [springfox.documentation.swagger.readers.operation.OperationImplicitParameterReader]: Unable to interpret the implicit parameter configuration with dataType: Integer, dataTypeClass: class java.lang.Void
2022-12-05 21:34:57 WARN [springfox.documentation.swagger.readers.operation.OperationImplicitParameterReader]: Unable to interpret the implicit parameter configuration with dataType: String, dataTypeClass: class java.lang.Void
2022-12-05 21:34:57 WARN [springfox.documentation.swagger.readers.operation.OperationImplicitParameterReader]: Unable to interpret the implicit parameter configuration with dataType: String, dataTypeClass: class java.lang.Void
2022-12-05 21:34:57 WARN [springfox.documentation.swagger.readers.operation.OperationImplicitParameterReader]: Unable to interpret the implicit parameter configuration with dataType: Integer, dataTypeClass: class java.lang.Void
2022-12-05 21:34:57 INFO [com.xxx.MusicServerApplication]: Started MusicServerApplication in 3.352 seconds (JVM running for 4.374)
2022-12-05 21:35:03 INFO [org.springframework.web.servlet.DispatcherServlet]: Initializing Servlet 'dispatcherServlet'
2022-12-05 21:35:03 INFO [org.springframework.web.servlet.DispatcherServlet]: Completed initialization in 5 ms
2022-12-05 21:35:04 INFO [com.zaxxer.hikari.HikariDataSource]: HikariPool-1 - Starting...
2022-12-05 21:35:04 INFO [com.zaxxer.hikari.HikariDataSource]: HikariPool-1 - Start completed.
2022-12-05 21:35:19 INFO [com.zaxxer.hikari.HikariDataSource]: HikariPool-1 - Shutdown initiated...
2022-12-05 21:35:19 INFO [com.zaxxer.hikari.HikariDataSource]: HikariPool-1 - Shutdown completed.
