2022-10-06 18:09:07 INFO [com.xxx.MusicServerApplication]: Starting MusicServerApplication on AffectionateScholar with PID 48476 (D:\desktop\Music\music-server\target\classes started by 86176 in D:\desktop\Music\music-server)
2022-10-06 18:09:07 INFO [com.xxx.MusicServerApplication]: The following profiles are active: dev
2022-10-06 18:09:07 INFO [org.springframework.boot.devtools.env.DevToolsPropertyDefaultsPostProcessor]: Devtools property defaults active! Set 'spring.devtools.add-properties' to 'false' to disable
2022-10-06 18:09:07 INFO [org.springframework.boot.devtools.env.DevToolsPropertyDefaultsPostProcessor]: For additional web related logging consider setting the 'logging.level.web' property to 'DEBUG'
2022-10-06 18:09:08 INFO [org.springframework.boot.web.embedded.tomcat.TomcatWebServer]: Tomcat initialized with port(s): 8888 (http)
2022-10-06 18:09:09 INFO [org.springframework.boot.web.servlet.context.ServletWebServerApplicationContext]: Root WebApplicationContext: initialization completed in 1483 ms
2022-10-06 18:09:10 INFO [org.springframework.boot.devtools.autoconfigure.OptionalLiveReloadServer]: LiveReload server is running on port 35729
2022-10-06 18:09:11 INFO [org.springframework.boot.web.embedded.tomcat.TomcatWebServer]: Tomcat started on port(s): 8888 (http) with context path ''
2022-10-06 18:09:11 INFO [com.xxx.MusicServerApplication]: Started MusicServerApplication in 3.704 seconds (JVM running for 5.726)
2022-10-06 18:09:17 INFO [org.springframework.web.servlet.DispatcherServlet]: Initializing Servlet 'dispatcherServlet'
2022-10-06 18:09:17 INFO [org.springframework.web.servlet.DispatcherServlet]: Completed initialization in 10 ms
2022-10-06 18:09:17 WARN [org.springframework.web.servlet.PageNotFound]: No mapping for GET /songList
2022-10-06 18:09:17 WARN [org.springframework.web.servlet.PageNotFound]: No mapping for GET //img/avatorImages/user.jpg
2022-10-06 18:09:19 WARN [org.springframework.web.servlet.PageNotFound]: No mapping for GET /songList
2022-10-06 18:09:19 WARN [org.springframework.web.servlet.PageNotFound]: No mapping for GET /song
2022-10-06 18:09:19 INFO [com.zaxxer.hikari.HikariDataSource]: HikariPool-1 - Starting...
2022-10-06 18:09:19 INFO [com.zaxxer.hikari.HikariDataSource]: HikariPool-1 - Start completed.
2022-10-06 18:09:19 WARN [org.springframework.web.servlet.PageNotFound]: No mapping for GET /song
2022-10-06 18:09:19 WARN [org.springframework.web.servlet.PageNotFound]: No mapping for GET /songList
2022-10-06 18:09:28 WARN [org.springframework.web.servlet.PageNotFound]: No mapping for GET /songList
2022-10-06 18:09:36 WARN [org.springframework.web.servlet.PageNotFound]: No mapping for GET /songList
2022-10-06 18:09:43 WARN [org.springframework.web.servlet.PageNotFound]: No mapping for GET /song
2022-10-06 18:09:43 WARN [org.springframework.web.servlet.PageNotFound]: No mapping for GET /songList
2022-10-06 18:10:52 WARN [org.springframework.web.servlet.PageNotFound]: No mapping for GET //img/avatorImages/user.jpg
2022-10-06 18:13:20 INFO [com.zaxxer.hikari.HikariDataSource]: HikariPool-1 - Shutdown initiated...
2022-10-06 18:13:20 INFO [com.zaxxer.hikari.HikariDataSource]: HikariPool-1 - Shutdown completed.
2022-10-06 18:13:20 INFO [org.springframework.boot.devtools.env.DevToolsPropertyDefaultsPostProcessor]: Devtools property defaults active! Set 'spring.devtools.add-properties' to 'false' to disable
2022-10-06 18:13:20 INFO [org.springframework.boot.devtools.env.DevToolsPropertyDefaultsPostProcessor]: For additional web related logging consider setting the 'logging.level.web' property to 'DEBUG'
2022-10-06 18:13:20 INFO [com.xxx.MusicServerApplication]: Starting MusicServerApplication on AffectionateScholar with PID 48476 (D:\desktop\Music\music-server\target\classes started by 86176 in D:\desktop\Music\music-server)
2022-10-06 18:13:20 INFO [com.xxx.MusicServerApplication]: The following profiles are active: dev
2022-10-06 18:13:21 INFO [org.springframework.boot.web.embedded.tomcat.TomcatWebServer]: Tomcat initialized with port(s): 8888 (http)
2022-10-06 18:13:21 INFO [org.springframework.boot.web.servlet.context.ServletWebServerApplicationContext]: Root WebApplicationContext: initialization completed in 779 ms
2022-10-06 18:13:22 INFO [org.springframework.boot.devtools.autoconfigure.OptionalLiveReloadServer]: LiveReload server is running on port 35729
2022-10-06 18:13:22 INFO [org.springframework.boot.web.embedded.tomcat.TomcatWebServer]: Tomcat started on port(s): 8888 (http) with context path ''
2022-10-06 18:13:22 INFO [com.xxx.MusicServerApplication]: Started MusicServerApplication in 1.583 seconds (JVM running for 256.967)
2022-10-06 18:13:22 INFO [org.springframework.boot.devtools.autoconfigure.ConditionEvaluationDeltaLoggingListener]: Condition evaluation unchanged
2022-10-06 18:14:18 INFO [com.xxx.MusicServerApplication]: Starting MusicServerApplication on AffectionateScholar with PID 44188 (D:\desktop\Music\music-server\target\classes started by 86176 in D:\desktop\Music\music-server)
2022-10-06 18:14:18 INFO [com.xxx.MusicServerApplication]: The following profiles are active: dev
2022-10-06 18:14:18 INFO [org.springframework.boot.devtools.env.DevToolsPropertyDefaultsPostProcessor]: Devtools property defaults active! Set 'spring.devtools.add-properties' to 'false' to disable
2022-10-06 18:14:18 INFO [org.springframework.boot.devtools.env.DevToolsPropertyDefaultsPostProcessor]: For additional web related logging consider setting the 'logging.level.web' property to 'DEBUG'
2022-10-06 18:14:19 INFO [org.springframework.boot.web.embedded.tomcat.TomcatWebServer]: Tomcat initialized with port(s): 8888 (http)
2022-10-06 18:14:19 INFO [org.springframework.boot.web.servlet.context.ServletWebServerApplicationContext]: Root WebApplicationContext: initialization completed in 1281 ms
2022-10-06 18:14:21 INFO [org.springframework.boot.devtools.autoconfigure.OptionalLiveReloadServer]: LiveReload server is running on port 35729
2022-10-06 18:14:21 INFO [org.springframework.boot.web.embedded.tomcat.TomcatWebServer]: Tomcat started on port(s): 8888 (http) with context path ''
2022-10-06 18:14:21 INFO [com.xxx.MusicServerApplication]: Started MusicServerApplication in 3.287 seconds (JVM running for 5.142)
2022-10-06 18:14:23 INFO [org.springframework.web.servlet.DispatcherServlet]: Initializing Servlet 'dispatcherServlet'
2022-10-06 18:14:23 INFO [org.springframework.web.servlet.DispatcherServlet]: Completed initialization in 11 ms
2022-10-06 18:14:23 WARN [org.springframework.web.servlet.PageNotFound]: No mapping for GET //img/avatorImages/user.jpg
2022-10-06 18:14:23 INFO [com.zaxxer.hikari.HikariDataSource]: HikariPool-1 - Starting...
2022-10-06 18:14:23 INFO [com.zaxxer.hikari.HikariDataSource]: HikariPool-1 - Start completed.
2022-10-06 18:14:26 WARN [org.springframework.web.servlet.PageNotFound]: No mapping for GET /song
2022-10-06 18:14:26 WARN [org.springframework.web.servlet.PageNotFound]: No mapping for GET /songList
2022-10-06 18:14:26 WARN [org.springframework.web.servlet.PageNotFound]: No mapping for GET /song
2022-10-06 18:14:26 WARN [org.springframework.web.servlet.PageNotFound]: No mapping for GET /songList
2022-10-06 18:16:33 INFO [com.zaxxer.hikari.HikariDataSource]: HikariPool-1 - Shutdown initiated...
2022-10-06 18:16:33 INFO [com.zaxxer.hikari.HikariDataSource]: HikariPool-1 - Shutdown completed.
2022-10-06 18:39:41 INFO [org.springframework.boot.test.context.SpringBootTestContextBootstrapper]: Neither @ContextConfiguration nor @ContextHierarchy found for test class [com.xxx.ConsumerTest], using SpringBootContextLoader
2022-10-06 18:39:41 INFO [org.springframework.test.context.support.AbstractContextLoader]: Could not detect default resource locations for test class [com.xxx.ConsumerTest]: no resource found for suffixes {-context.xml, Context.groovy}.
2022-10-06 18:39:41 INFO [org.springframework.test.context.support.AnnotationConfigContextLoaderUtils]: Could not detect default configuration classes for test class [com.xxx.ConsumerTest]: ConsumerTest does not declare any static, non-private, non-final, nested classes annotated with @Configuration.
2022-10-06 18:39:42 INFO [org.springframework.boot.test.context.SpringBootTestContextBootstrapper]: Found @SpringBootConfiguration com.xxx.MusicServerApplication for test class com.xxx.ConsumerTest
2022-10-06 18:39:42 INFO [org.springframework.boot.test.context.SpringBootTestContextBootstrapper]: Loaded default TestExecutionListener class names from location [META-INF/spring.factories]: [org.springframework.boot.test.mock.mockito.MockitoTestExecutionListener, org.springframework.boot.test.mock.mockito.ResetMocksTestExecutionListener, org.springframework.boot.test.autoconfigure.restdocs.RestDocsTestExecutionListener, org.springframework.boot.test.autoconfigure.web.client.MockRestServiceServerResetTestExecutionListener, org.springframework.boot.test.autoconfigure.web.servlet.MockMvcPrintOnlyOnFailureTestExecutionListener, org.springframework.boot.test.autoconfigure.web.servlet.WebDriverTestExecutionListener, org.springframework.boot.test.autoconfigure.webservices.client.MockWebServiceServerTestExecutionListener, org.springframework.test.context.web.ServletTestExecutionListener, org.springframework.test.context.support.DirtiesContextBeforeModesTestExecutionListener, org.springframework.test.context.support.DependencyInjectionTestExecutionListener, org.springframework.test.context.support.DirtiesContextTestExecutionListener, org.springframework.test.context.transaction.TransactionalTestExecutionListener, org.springframework.test.context.jdbc.SqlScriptsTestExecutionListener, org.springframework.test.context.event.EventPublishingTestExecutionListener]
2022-10-06 18:39:42 INFO [org.springframework.boot.test.context.SpringBootTestContextBootstrapper]: Using TestExecutionListeners: [org.springframework.test.context.web.ServletTestExecutionListener@6c4906d3, org.springframework.test.context.support.DirtiesContextBeforeModesTestExecutionListener@65987993, org.springframework.boot.test.mock.mockito.MockitoTestExecutionListener@71075444, org.springframework.boot.test.autoconfigure.SpringBootDependencyInjectionTestExecutionListener@4f32a3ad, org.springframework.test.context.support.DirtiesContextTestExecutionListener@6b695b06, org.springframework.test.context.transaction.TransactionalTestExecutionListener@4d1bf319, org.springframework.test.context.jdbc.SqlScriptsTestExecutionListener@6f53b8a, org.springframework.test.context.event.EventPublishingTestExecutionListener@5c80cf32, org.springframework.boot.test.mock.mockito.ResetMocksTestExecutionListener@7d900ecf, org.springframework.boot.test.autoconfigure.restdocs.RestDocsTestExecutionListener@6f01b95f, org.springframework.boot.test.autoconfigure.web.client.MockRestServiceServerResetTestExecutionListener@4007f65e, org.springframework.boot.test.autoconfigure.web.servlet.MockMvcPrintOnlyOnFailureTestExecutionListener@1a245833, org.springframework.boot.test.autoconfigure.web.servlet.WebDriverTestExecutionListener@673fdbce, org.springframework.boot.test.autoconfigure.webservices.client.MockWebServiceServerTestExecutionListener@5965d37]
2022-10-06 18:39:42 INFO [com.xxx.ConsumerTest]: Starting ConsumerTest on AffectionateScholar with PID 27744 (started by 86176 in D:\desktop\Music\music-server)
2022-10-06 18:39:42 INFO [com.xxx.ConsumerTest]: The following profiles are active: dev
2022-10-06 18:39:46 INFO [com.xxx.ConsumerTest]: Started ConsumerTest in 3.748 seconds (JVM running for 5.431)
2022-10-06 18:39:46 INFO [com.zaxxer.hikari.HikariDataSource]: HikariPool-1 - Starting...
2022-10-06 18:39:46 INFO [com.zaxxer.hikari.HikariDataSource]: HikariPool-1 - Start completed.
2022-10-06 18:39:46 INFO [com.zaxxer.hikari.HikariDataSource]: HikariPool-1 - Shutdown initiated...
2022-10-06 18:39:46 INFO [com.zaxxer.hikari.HikariDataSource]: HikariPool-1 - Shutdown completed.
2022-10-06 18:41:42 INFO [org.springframework.boot.test.context.SpringBootTestContextBootstrapper]: Neither @ContextConfiguration nor @ContextHierarchy found for test class [com.xxx.ConsumerTest], using SpringBootContextLoader
2022-10-06 18:41:42 INFO [org.springframework.test.context.support.AbstractContextLoader]: Could not detect default resource locations for test class [com.xxx.ConsumerTest]: no resource found for suffixes {-context.xml, Context.groovy}.
2022-10-06 18:41:42 INFO [org.springframework.test.context.support.AnnotationConfigContextLoaderUtils]: Could not detect default configuration classes for test class [com.xxx.ConsumerTest]: ConsumerTest does not declare any static, non-private, non-final, nested classes annotated with @Configuration.
2022-10-06 18:41:42 INFO [org.springframework.boot.test.context.SpringBootTestContextBootstrapper]: Found @SpringBootConfiguration com.xxx.MusicServerApplication for test class com.xxx.ConsumerTest
2022-10-06 18:41:43 INFO [org.springframework.boot.test.context.SpringBootTestContextBootstrapper]: Loaded default TestExecutionListener class names from location [META-INF/spring.factories]: [org.springframework.boot.test.mock.mockito.MockitoTestExecutionListener, org.springframework.boot.test.mock.mockito.ResetMocksTestExecutionListener, org.springframework.boot.test.autoconfigure.restdocs.RestDocsTestExecutionListener, org.springframework.boot.test.autoconfigure.web.client.MockRestServiceServerResetTestExecutionListener, org.springframework.boot.test.autoconfigure.web.servlet.MockMvcPrintOnlyOnFailureTestExecutionListener, org.springframework.boot.test.autoconfigure.web.servlet.WebDriverTestExecutionListener, org.springframework.boot.test.autoconfigure.webservices.client.MockWebServiceServerTestExecutionListener, org.springframework.test.context.web.ServletTestExecutionListener, org.springframework.test.context.support.DirtiesContextBeforeModesTestExecutionListener, org.springframework.test.context.support.DependencyInjectionTestExecutionListener, org.springframework.test.context.support.DirtiesContextTestExecutionListener, org.springframework.test.context.transaction.TransactionalTestExecutionListener, org.springframework.test.context.jdbc.SqlScriptsTestExecutionListener, org.springframework.test.context.event.EventPublishingTestExecutionListener]
2022-10-06 18:41:43 INFO [org.springframework.boot.test.context.SpringBootTestContextBootstrapper]: Using TestExecutionListeners: [org.springframework.test.context.web.ServletTestExecutionListener@6c4906d3, org.springframework.test.context.support.DirtiesContextBeforeModesTestExecutionListener@65987993, org.springframework.boot.test.mock.mockito.MockitoTestExecutionListener@71075444, org.springframework.boot.test.autoconfigure.SpringBootDependencyInjectionTestExecutionListener@4f32a3ad, org.springframework.test.context.support.DirtiesContextTestExecutionListener@6b695b06, org.springframework.test.context.transaction.TransactionalTestExecutionListener@4d1bf319, org.springframework.test.context.jdbc.SqlScriptsTestExecutionListener@6f53b8a, org.springframework.test.context.event.EventPublishingTestExecutionListener@5c80cf32, org.springframework.boot.test.mock.mockito.ResetMocksTestExecutionListener@7d900ecf, org.springframework.boot.test.autoconfigure.restdocs.RestDocsTestExecutionListener@6f01b95f, org.springframework.boot.test.autoconfigure.web.client.MockRestServiceServerResetTestExecutionListener@4007f65e, org.springframework.boot.test.autoconfigure.web.servlet.MockMvcPrintOnlyOnFailureTestExecutionListener@1a245833, org.springframework.boot.test.autoconfigure.web.servlet.WebDriverTestExecutionListener@673fdbce, org.springframework.boot.test.autoconfigure.webservices.client.MockWebServiceServerTestExecutionListener@5965d37]
2022-10-06 18:41:43 INFO [com.xxx.ConsumerTest]: Starting ConsumerTest on AffectionateScholar with PID 27864 (started by 86176 in D:\desktop\Music\music-server)
2022-10-06 18:41:43 INFO [com.xxx.ConsumerTest]: The following profiles are active: dev
2022-10-06 18:41:46 INFO [com.xxx.ConsumerTest]: Started ConsumerTest in 3.516 seconds (JVM running for 5.626)
2022-10-06 18:41:46 INFO [com.zaxxer.hikari.HikariDataSource]: HikariPool-1 - Starting...
2022-10-06 18:41:47 INFO [com.zaxxer.hikari.HikariDataSource]: HikariPool-1 - Start completed.
2022-10-06 18:41:47 INFO [com.zaxxer.hikari.HikariDataSource]: HikariPool-1 - Shutdown initiated...
2022-10-06 18:41:47 INFO [com.zaxxer.hikari.HikariDataSource]: HikariPool-1 - Shutdown completed.
2022-10-06 18:42:09 INFO [com.xxx.MusicServerApplication]: Starting MusicServerApplication on AffectionateScholar with PID 51848 (D:\desktop\Music\music-server\target\classes started by 86176 in D:\desktop\Music\music-server)
2022-10-06 18:42:09 INFO [com.xxx.MusicServerApplication]: The following profiles are active: dev
2022-10-06 18:42:09 INFO [org.springframework.boot.devtools.env.DevToolsPropertyDefaultsPostProcessor]: Devtools property defaults active! Set 'spring.devtools.add-properties' to 'false' to disable
2022-10-06 18:42:09 INFO [org.springframework.boot.devtools.env.DevToolsPropertyDefaultsPostProcessor]: For additional web related logging consider setting the 'logging.level.web' property to 'DEBUG'
2022-10-06 18:42:10 INFO [org.springframework.boot.web.embedded.tomcat.TomcatWebServer]: Tomcat initialized with port(s): 8888 (http)
2022-10-06 18:42:10 INFO [org.springframework.boot.web.servlet.context.ServletWebServerApplicationContext]: Root WebApplicationContext: initialization completed in 1118 ms
2022-10-06 18:42:12 INFO [org.springframework.boot.devtools.autoconfigure.OptionalLiveReloadServer]: LiveReload server is running on port 35729
2022-10-06 18:42:12 INFO [org.springframework.boot.web.embedded.tomcat.TomcatWebServer]: Tomcat started on port(s): 8888 (http) with context path ''
2022-10-06 18:42:12 INFO [com.xxx.MusicServerApplication]: Started MusicServerApplication in 3.198 seconds (JVM running for 5.523)
2022-10-06 18:42:15 INFO [org.springframework.web.servlet.DispatcherServlet]: Initializing Servlet 'dispatcherServlet'
2022-10-06 18:42:15 INFO [org.springframework.web.servlet.DispatcherServlet]: Completed initialization in 8 ms
2022-10-06 18:42:15 WARN [org.springframework.web.servlet.PageNotFound]: No mapping for GET //img/avatorImages/user.jpg
2022-10-06 18:42:15 WARN [org.springframework.web.servlet.PageNotFound]: No mapping for GET /songList
2022-10-06 18:42:15 WARN [org.springframework.web.servlet.PageNotFound]: No mapping for GET /song
2022-10-06 18:42:15 INFO [com.zaxxer.hikari.HikariDataSource]: HikariPool-1 - Starting...
2022-10-06 18:42:15 INFO [com.zaxxer.hikari.HikariDataSource]: HikariPool-1 - Start completed.
2022-10-06 18:42:16 WARN [org.springframework.web.servlet.PageNotFound]: No mapping for GET /undefined
2022-10-06 18:42:19 WARN [org.springframework.web.servlet.PageNotFound]: No mapping for GET /undefined
2022-10-06 18:42:28 WARN [org.springframework.web.servlet.PageNotFound]: No mapping for GET /songList
2022-10-06 18:42:29 WARN [org.springframework.web.servlet.PageNotFound]: No mapping for GET /undefined
2022-10-06 18:42:29 WARN [org.springframework.web.servlet.PageNotFound]: No mapping for GET /song
2022-10-06 18:42:29 WARN [org.springframework.web.servlet.PageNotFound]: No mapping for GET /songList
2022-10-06 18:54:14 WARN [org.springframework.web.servlet.PageNotFound]: No mapping for GET /undefined
2022-10-06 18:54:15 WARN [org.springframework.web.servlet.PageNotFound]: No mapping for GET /undefined
2022-10-06 18:54:16 WARN [org.springframework.web.servlet.PageNotFound]: No mapping for GET /undefined
