2022-10-08 13:21:17 INFO [com.xxx.handler.MyMetaObjectHandler]: start insert fill...
2022-10-08 13:24:49 INFO [com.xxx.handler.MyMetaObjectHandler]: start insert fill...
2022-10-08 13:32:49 INFO [com.xxx.handler.MyMetaObjectHandler]: start insert fill...
2022-10-08 14:05:23 INFO [com.xxx.handler.MyMetaObjectHandler]: start insert fill...
2022-10-08 14:05:54 INFO [com.xxx.handler.MyMetaObjectHandler]: start insert fill...
2022-10-08 14:06:21 INFO [com.xxx.handler.MyMetaObjectHandler]: start insert fill...
2022-10-08 14:06:37 INFO [com.xxx.handler.MyMetaObjectHandler]: start insert fill...
2022-10-08 14:07:18 INFO [com.xxx.handler.MyMetaObjectHandler]: start insert fill...
2022-10-08 14:07:58 INFO [com.xxx.handler.MyMetaObjectHandler]: start insert fill...
2022-10-08 14:08:46 INFO [com.xxx.handler.MyMetaObjectHandler]: start insert fill...
2022-10-08 14:09:02 INFO [com.xxx.handler.MyMetaObjectHandler]: start insert fill...
2022-10-08 14:09:22 INFO [com.xxx.handler.MyMetaObjectHandler]: start insert fill...
2022-10-08 14:09:50 INFO [com.xxx.handler.MyMetaObjectHandler]: start insert fill...
2022-10-08 14:10:12 INFO [com.xxx.handler.MyMetaObjectHandler]: start insert fill...
2022-10-08 14:10:47 INFO [com.xxx.handler.MyMetaObjectHandler]: start insert fill...
2022-10-08 14:11:15 INFO [com.xxx.handler.MyMetaObjectHandler]: start insert fill...
2022-10-08 14:18:12 INFO [com.xxx.handler.MyMetaObjectHandler]: start insert fill...
2022-10-08 14:18:41 WARN [org.springframework.web.servlet.PageNotFound]: No mapping for GET /16652095099991c950a7b02087bf40ad1c9a0ad99402c11dfa9ec616d
2022-10-08 14:46:56 INFO [com.xxx.handler.MyMetaObjectHandler]: start insert fill...
2022-10-08 14:59:59 INFO [com.xxx.handler.MyMetaObjectHandler]: start insert fill...
2022-10-08 15:00:07 INFO [com.xxx.handler.MyMetaObjectHandler]: start insert fill...
2022-10-08 15:00:26 INFO [com.xxx.handler.MyMetaObjectHandler]: start insert fill...
2022-10-08 15:00:28 INFO [com.xxx.handler.MyMetaObjectHandler]: start insert fill...
2022-10-08 15:02:21 WARN [org.springframework.web.servlet.mvc.support.DefaultHandlerExceptionResolver]: Resolved [org.springframework.validation.BindException: org.springframework.validation.BeanPropertyBindingResult: 1 errors
Field error in object 'consumer' on field 'birth': rejected value [2022-10-01]; codes [typeMismatch.consumer.birth,typeMismatch.birth,typeMismatch.java.util.Date,typeMismatch]; arguments [org.springframework.context.support.DefaultMessageSourceResolvable: codes [consumer.birth,birth]; arguments []; default message [birth]]; default message [Failed to convert property value of type 'java.lang.String' to required type 'java.util.Date' for property 'birth'; nested exception is org.springframework.core.convert.ConversionFailedException: Failed to convert from type [java.lang.String] to type [@com.fasterxml.jackson.annotation.JsonFormat @io.swagger.annotations.ApiModelProperty @com.baomidou.mybatisplus.annotation.TableField @org.springframework.format.annotation.DateTimeFormat java.util.Date] for value '2022-10-01'; nested exception is java.lang.IllegalArgumentException: Parse attempt failed for value [2022-10-01]]]
2022-10-08 15:02:23 WARN [org.springframework.web.servlet.mvc.support.DefaultHandlerExceptionResolver]: Resolved [org.springframework.validation.BindException: org.springframework.validation.BeanPropertyBindingResult: 1 errors
Field error in object 'consumer' on field 'birth': rejected value [2022-10-01]; codes [typeMismatch.consumer.birth,typeMismatch.birth,typeMismatch.java.util.Date,typeMismatch]; arguments [org.springframework.context.support.DefaultMessageSourceResolvable: codes [consumer.birth,birth]; arguments []; default message [birth]]; default message [Failed to convert property value of type 'java.lang.String' to required type 'java.util.Date' for property 'birth'; nested exception is org.springframework.core.convert.ConversionFailedException: Failed to convert from type [java.lang.String] to type [@com.fasterxml.jackson.annotation.JsonFormat @io.swagger.annotations.ApiModelProperty @com.baomidou.mybatisplus.annotation.TableField @org.springframework.format.annotation.DateTimeFormat java.util.Date] for value '2022-10-01'; nested exception is java.lang.IllegalArgumentException: Parse attempt failed for value [2022-10-01]]]
2022-10-08 15:02:36 WARN [org.springframework.web.servlet.mvc.support.DefaultHandlerExceptionResolver]: Resolved [org.springframework.validation.BindException: org.springframework.validation.BeanPropertyBindingResult: 1 errors
Field error in object 'consumer' on field 'birth': rejected value [2022-10-01]; codes [typeMismatch.consumer.birth,typeMismatch.birth,typeMismatch.java.util.Date,typeMismatch]; arguments [org.springframework.context.support.DefaultMessageSourceResolvable: codes [consumer.birth,birth]; arguments []; default message [birth]]; default message [Failed to convert property value of type 'java.lang.String' to required type 'java.util.Date' for property 'birth'; nested exception is org.springframework.core.convert.ConversionFailedException: Failed to convert from type [java.lang.String] to type [@com.fasterxml.jackson.annotation.JsonFormat @io.swagger.annotations.ApiModelProperty @com.baomidou.mybatisplus.annotation.TableField @org.springframework.format.annotation.DateTimeFormat java.util.Date] for value '2022-10-01'; nested exception is java.lang.IllegalArgumentException: Parse attempt failed for value [2022-10-01]]]
2022-10-08 15:04:20 INFO [com.zaxxer.hikari.HikariDataSource]: HikariPool-1 - Shutdown initiated...
2022-10-08 15:04:20 INFO [com.zaxxer.hikari.HikariDataSource]: HikariPool-1 - Shutdown completed.
2022-10-08 15:04:20 INFO [org.springframework.boot.devtools.env.DevToolsPropertyDefaultsPostProcessor]: Devtools property defaults active! Set 'spring.devtools.add-properties' to 'false' to disable
2022-10-08 15:04:20 INFO [org.springframework.boot.devtools.env.DevToolsPropertyDefaultsPostProcessor]: For additional web related logging consider setting the 'logging.level.web' property to 'DEBUG'
2022-10-08 15:04:20 INFO [com.xxx.MusicServerApplication]: Starting MusicServerApplication on AffectionateScholar with PID 58704 (D:\desktop\Music\music-server\target\classes started by 86176 in D:\desktop\Music\music-server)
2022-10-08 15:04:20 INFO [com.xxx.MusicServerApplication]: The following profiles are active: dev
2022-10-08 15:04:22 INFO [org.springframework.boot.web.embedded.tomcat.TomcatWebServer]: Tomcat initialized with port(s): 8888 (http)
2022-10-08 15:04:22 INFO [org.springframework.boot.web.servlet.context.ServletWebServerApplicationContext]: Root WebApplicationContext: initialization completed in 2216 ms
2022-10-08 15:04:22 INFO [org.springframework.boot.devtools.autoconfigure.OptionalLiveReloadServer]: LiveReload server is running on port 35729
2022-10-08 15:04:23 INFO [org.springframework.boot.web.embedded.tomcat.TomcatWebServer]: Tomcat started on port(s): 8888 (http) with context path ''
2022-10-08 15:04:23 INFO [com.xxx.MusicServerApplication]: Started MusicServerApplication in 2.68 seconds (JVM running for 59997.56)
2022-10-08 15:04:23 INFO [org.springframework.boot.devtools.autoconfigure.ConditionEvaluationDeltaLoggingListener]: Condition evaluation unchanged
2022-10-08 15:04:34 INFO [com.xxx.MusicServerApplication]: Starting MusicServerApplication on AffectionateScholar with PID 59532 (D:\desktop\Music\music-server\target\classes started by 86176 in D:\desktop\Music\music-server)
2022-10-08 15:04:34 INFO [com.xxx.MusicServerApplication]: The following profiles are active: dev
2022-10-08 15:04:34 INFO [org.springframework.boot.devtools.env.DevToolsPropertyDefaultsPostProcessor]: Devtools property defaults active! Set 'spring.devtools.add-properties' to 'false' to disable
2022-10-08 15:04:34 INFO [org.springframework.boot.devtools.env.DevToolsPropertyDefaultsPostProcessor]: For additional web related logging consider setting the 'logging.level.web' property to 'DEBUG'
2022-10-08 15:04:36 INFO [org.springframework.boot.web.embedded.tomcat.TomcatWebServer]: Tomcat initialized with port(s): 8888 (http)
2022-10-08 15:04:37 INFO [org.springframework.boot.web.servlet.context.ServletWebServerApplicationContext]: Root WebApplicationContext: initialization completed in 3055 ms
2022-10-08 15:04:37 INFO [org.springframework.boot.devtools.autoconfigure.OptionalLiveReloadServer]: LiveReload server is running on port 35729
2022-10-08 15:04:37 INFO [org.springframework.boot.web.embedded.tomcat.TomcatWebServer]: Tomcat started on port(s): 8888 (http) with context path ''
2022-10-08 15:04:38 INFO [com.xxx.MusicServerApplication]: Started MusicServerApplication in 4.339 seconds (JVM running for 6.197)
2022-10-08 15:04:45 INFO [org.springframework.web.servlet.DispatcherServlet]: Initializing Servlet 'dispatcherServlet'
2022-10-08 15:04:45 INFO [org.springframework.web.servlet.DispatcherServlet]: Completed initialization in 6 ms
2022-10-08 15:04:45 INFO [com.zaxxer.hikari.HikariDataSource]: HikariPool-1 - Starting...
2022-10-08 15:04:45 INFO [com.zaxxer.hikari.HikariDataSource]: HikariPool-1 - Start completed.
2022-10-08 15:15:37 INFO [com.xxx.handler.MyMetaObjectHandler]: start insert fill...
2022-10-08 15:15:50 INFO [com.xxx.handler.MyMetaObjectHandler]: start insert fill...
2022-10-08 15:18:06 INFO [com.zaxxer.hikari.HikariDataSource]: HikariPool-1 - Shutdown initiated...
2022-10-08 15:18:06 INFO [com.zaxxer.hikari.HikariDataSource]: HikariPool-1 - Shutdown completed.
2022-10-08 15:18:19 INFO [com.xxx.MusicServerApplication]: Starting MusicServerApplication on AffectionateScholar with PID 51792 (D:\desktop\Music\music-server\target\classes started by 86176 in D:\desktop\Music\music-server)
2022-10-08 15:18:19 INFO [com.xxx.MusicServerApplication]: The following profiles are active: dev
2022-10-08 15:18:19 INFO [org.springframework.boot.devtools.env.DevToolsPropertyDefaultsPostProcessor]: Devtools property defaults active! Set 'spring.devtools.add-properties' to 'false' to disable
2022-10-08 15:18:19 INFO [org.springframework.boot.devtools.env.DevToolsPropertyDefaultsPostProcessor]: For additional web related logging consider setting the 'logging.level.web' property to 'DEBUG'
2022-10-08 15:18:22 INFO [org.springframework.boot.web.embedded.tomcat.TomcatWebServer]: Tomcat initialized with port(s): 8888 (http)
2022-10-08 15:18:22 INFO [org.springframework.boot.web.servlet.context.ServletWebServerApplicationContext]: Root WebApplicationContext: initialization completed in 3368 ms
2022-10-08 15:18:23 INFO [org.springframework.boot.devtools.autoconfigure.OptionalLiveReloadServer]: LiveReload server is running on port 35729
2022-10-08 15:18:23 INFO [org.springframework.boot.web.embedded.tomcat.TomcatWebServer]: Tomcat started on port(s): 8888 (http) with context path ''
2022-10-08 15:18:23 INFO [org.springframework.web.servlet.DispatcherServlet]: Initializing Servlet 'dispatcherServlet'
2022-10-08 15:18:23 INFO [org.springframework.web.servlet.DispatcherServlet]: Completed initialization in 8 ms
2022-10-08 15:18:23 INFO [com.xxx.MusicServerApplication]: Started MusicServerApplication in 4.86 seconds (JVM running for 8.083)
2022-10-08 15:18:24 INFO [com.xxx.handler.MyMetaObjectHandler]: start insert fill...
2022-10-08 15:18:24 INFO [com.zaxxer.hikari.HikariDataSource]: HikariPool-1 - Starting...
2022-10-08 15:18:24 INFO [com.zaxxer.hikari.HikariDataSource]: HikariPool-1 - Start completed.
2022-10-08 15:19:10 INFO [com.xxx.handler.MyMetaObjectHandler]: start insert fill...
2022-10-08 15:19:40 INFO [com.xxx.handler.MyMetaObjectHandler]: start insert fill...
2022-10-08 15:21:40 INFO [com.zaxxer.hikari.HikariDataSource]: HikariPool-1 - Shutdown initiated...
2022-10-08 15:21:40 INFO [com.zaxxer.hikari.HikariDataSource]: HikariPool-1 - Shutdown completed.
2022-10-08 15:21:50 INFO [com.xxx.MusicServerApplication]: Starting MusicServerApplication on AffectionateScholar with PID 56636 (D:\desktop\Music\music-server\target\classes started by 86176 in D:\desktop\Music\music-server)
2022-10-08 15:21:50 INFO [com.xxx.MusicServerApplication]: The following profiles are active: dev
2022-10-08 15:21:50 INFO [org.springframework.boot.devtools.env.DevToolsPropertyDefaultsPostProcessor]: Devtools property defaults active! Set 'spring.devtools.add-properties' to 'false' to disable
2022-10-08 15:21:50 INFO [org.springframework.boot.devtools.env.DevToolsPropertyDefaultsPostProcessor]: For additional web related logging consider setting the 'logging.level.web' property to 'DEBUG'
2022-10-08 15:21:53 INFO [org.springframework.boot.web.embedded.tomcat.TomcatWebServer]: Tomcat initialized with port(s): 8888 (http)
2022-10-08 15:21:53 INFO [org.springframework.boot.web.servlet.context.ServletWebServerApplicationContext]: Root WebApplicationContext: initialization completed in 2994 ms
2022-10-08 15:21:54 INFO [org.springframework.boot.devtools.autoconfigure.OptionalLiveReloadServer]: LiveReload server is running on port 35729
2022-10-08 15:21:54 INFO [org.springframework.boot.web.embedded.tomcat.TomcatWebServer]: Tomcat started on port(s): 8888 (http) with context path ''
2022-10-08 15:21:54 INFO [com.xxx.MusicServerApplication]: Started MusicServerApplication in 4.233 seconds (JVM running for 6.138)
2022-10-08 15:22:05 INFO [org.springframework.web.servlet.DispatcherServlet]: Initializing Servlet 'dispatcherServlet'
2022-10-08 15:22:05 INFO [org.springframework.web.servlet.DispatcherServlet]: Completed initialization in 7 ms
2022-10-08 15:22:05 INFO [com.xxx.handler.MyMetaObjectHandler]: start insert fill...
2022-10-08 15:22:05 INFO [com.zaxxer.hikari.HikariDataSource]: HikariPool-1 - Starting...
2022-10-08 15:22:05 INFO [com.zaxxer.hikari.HikariDataSource]: HikariPool-1 - Start completed.
2022-10-08 15:22:49 INFO [com.xxx.handler.MyMetaObjectHandler]: start insert fill...
2022-10-08 15:23:43 INFO [com.xxx.handler.MyMetaObjectHandler]: start insert fill...
2022-10-08 15:24:06 INFO [com.xxx.handler.MyMetaObjectHandler]: start insert fill...
2022-10-08 15:24:26 INFO [com.xxx.handler.MyMetaObjectHandler]: start insert fill...
2022-10-08 15:25:00 INFO [com.xxx.handler.MyMetaObjectHandler]: start insert fill...
2022-10-08 15:25:26 INFO [com.xxx.handler.MyMetaObjectHandler]: start insert fill...
2022-10-08 15:25:48 INFO [com.xxx.handler.MyMetaObjectHandler]: start insert fill...
2022-10-08 15:26:07 INFO [com.xxx.handler.MyMetaObjectHandler]: start insert fill...
2022-10-08 15:26:30 INFO [com.xxx.handler.MyMetaObjectHandler]: start insert fill...
2022-10-08 15:27:26 INFO [com.zaxxer.hikari.HikariDataSource]: HikariPool-1 - Shutdown initiated...
2022-10-08 15:27:26 INFO [com.zaxxer.hikari.HikariDataSource]: HikariPool-1 - Shutdown completed.
2022-10-08 15:27:36 INFO [com.xxx.MusicServerApplication]: Starting MusicServerApplication on AffectionateScholar with PID 55120 (D:\desktop\Music\music-server\target\classes started by 86176 in D:\desktop\Music\music-server)
2022-10-08 15:27:36 INFO [com.xxx.MusicServerApplication]: The following profiles are active: dev
2022-10-08 15:27:36 INFO [org.springframework.boot.devtools.env.DevToolsPropertyDefaultsPostProcessor]: Devtools property defaults active! Set 'spring.devtools.add-properties' to 'false' to disable
2022-10-08 15:27:36 INFO [org.springframework.boot.devtools.env.DevToolsPropertyDefaultsPostProcessor]: For additional web related logging consider setting the 'logging.level.web' property to 'DEBUG'
2022-10-08 15:27:39 INFO [org.springframework.boot.web.embedded.tomcat.TomcatWebServer]: Tomcat initialized with port(s): 8888 (http)
2022-10-08 15:27:40 INFO [org.springframework.boot.web.servlet.context.ServletWebServerApplicationContext]: Root WebApplicationContext: initialization completed in 3232 ms
2022-10-08 15:27:40 INFO [org.springframework.boot.devtools.autoconfigure.OptionalLiveReloadServer]: LiveReload server is running on port 35729
2022-10-08 15:27:40 INFO [org.springframework.boot.web.embedded.tomcat.TomcatWebServer]: Tomcat started on port(s): 8888 (http) with context path ''
2022-10-08 15:27:41 INFO [com.xxx.MusicServerApplication]: Started MusicServerApplication in 4.604 seconds (JVM running for 7.146)
2022-10-08 15:27:43 INFO [org.springframework.web.servlet.DispatcherServlet]: Initializing Servlet 'dispatcherServlet'
2022-10-08 15:27:43 INFO [org.springframework.web.servlet.DispatcherServlet]: Completed initialization in 6 ms
2022-10-08 15:27:44 INFO [com.xxx.handler.MyMetaObjectHandler]: start insert fill...
2022-10-08 15:27:44 INFO [com.zaxxer.hikari.HikariDataSource]: HikariPool-1 - Starting...
2022-10-08 15:27:44 INFO [com.zaxxer.hikari.HikariDataSource]: HikariPool-1 - Start completed.
2022-10-08 15:28:08 INFO [com.xxx.handler.MyMetaObjectHandler]: start insert fill...
2022-10-08 15:28:36 INFO [com.xxx.handler.MyMetaObjectHandler]: start insert fill...
2022-10-08 15:28:58 INFO [com.xxx.handler.MyMetaObjectHandler]: start insert fill...
2022-10-08 15:29:18 INFO [com.xxx.handler.MyMetaObjectHandler]: start insert fill...
2022-10-08 16:21:25 INFO [com.zaxxer.hikari.HikariDataSource]: HikariPool-1 - Shutdown initiated...
2022-10-08 16:21:25 INFO [com.zaxxer.hikari.HikariDataSource]: HikariPool-1 - Shutdown completed.
